2022-10-04 09:13:10,199 - basicLogger - INFO - Received event PH level request with a unique id of b9c97ce0-3ea9-48d2-b98f-bf8cdf3f8021
2022-10-04 09:13:12,262 - basicLogger - INFO - Returned event PH level response (Id: 3fa85f64-5717-4562-b3fc-2) with status code 201
2022-10-04 10:35:08,101 - basicLogger - INFO - Received event PH level request with a unique id of 21479786639
2022-10-04 10:35:08,587 - basicLogger - INFO - Received event PH level request with a unique id of 95032768498
2022-10-04 10:35:09,081 - basicLogger - INFO - Received event PH level request with a unique id of 72861676355
2022-10-04 10:35:09,592 - basicLogger - INFO - Received event PH level request with a unique id of 60574864333
2022-10-04 10:35:10,094 - basicLogger - INFO - Received event PH level request with a unique id of 56169779098
2022-10-04 10:35:10,248 - basicLogger - INFO - Received event PH level request with a unique id of 50361625828
2022-10-04 10:35:10,593 - basicLogger - INFO - Received event PH level request with a unique id of 69409575497
2022-10-04 10:35:10,657 - basicLogger - INFO - Received event PH level request with a unique id of 56846858249
2022-10-04 10:35:11,088 - basicLogger - INFO - Received event PH level request with a unique id of 3824122976
2022-10-04 10:35:11,165 - basicLogger - INFO - Received event PH level request with a unique id of 57093655800
2022-10-04 10:35:11,589 - basicLogger - INFO - Received event PH level request with a unique id of 73122691942
2022-10-04 10:35:11,682 - basicLogger - INFO - Received event PH level request with a unique id of 28764448749
2022-10-04 10:35:12,080 - basicLogger - INFO - Received event PH level request with a unique id of 91066243051
2022-10-04 10:35:12,228 - basicLogger - INFO - Received event PH level request with a unique id of 63257602082
2022-10-04 10:35:12,375 - basicLogger - INFO - Received event PH level request with a unique id of 85057233500
2022-10-04 10:35:12,580 - basicLogger - INFO - Received event PH level request with a unique id of 95152957531
2022-10-04 10:35:12,686 - basicLogger - INFO - Received event PH level request with a unique id of 17621105220
2022-10-04 10:35:12,748 - basicLogger - INFO - Received event PH level request with a unique id of 95074829683
2022-10-04 10:37:09,400 - basicLogger - INFO - Received event PH level request with a unique id of ed49ac2a-d9ac-41f0-b65d-9d6523f337f1
2022-10-04 10:38:08,000 - basicLogger - INFO - Received event PH level request with a unique id of b3279658-d8e5-48a3-9608-3fa9f49117a0
2022-10-04 10:38:50,130 - basicLogger - INFO - Received event PH level request with a unique id of c70bd479-ca82-4bae-8256-16a8989dd5c0
2022-10-04 10:39:22,172 - basicLogger - INFO - Received event PH level request with a unique id of 531fb30d-a91b-40e8-bc2b-f942f9ffbaa4
2022-10-04 10:39:24,214 - basicLogger - INFO - Returned event PH level response (Id: 531fb30d-a91b-40e8-bc2b-f942f9ffbaa4) with status code 201
2022-10-04 10:40:51,990 - basicLogger - INFO - Received event PH level request with a unique id of 4e1ae9c1-fbc2-43fd-bcb7-c4e36931d11a
2022-10-04 10:40:52,491 - basicLogger - INFO - Received event PH level request with a unique id of ba9d368a-7b8d-48f4-9d49-22bdda9a734f
2022-10-04 10:40:53,015 - basicLogger - INFO - Received event PH level request with a unique id of 9865e0aa-b99b-4b17-b3f0-d6402e10c85d
2022-10-04 10:40:53,494 - basicLogger - INFO - Received event PH level request with a unique id of 1c29dcad-9949-42d5-b461-0d09d3048a65
2022-10-04 10:40:53,988 - basicLogger - INFO - Received event PH level request with a unique id of 45dd76e5-697d-46a3-849d-3ab0eca835fa
2022-10-04 10:40:54,054 - basicLogger - INFO - Returned event PH level response (Id: 4e1ae9c1-fbc2-43fd-bcb7-c4e36931d11a) with status code 201
2022-10-04 10:40:54,062 - basicLogger - INFO - Received event Chlorine level request with a unique id of ab043de4-6506-4148-8b89-41ff487ed173
2022-10-04 10:40:54,490 - basicLogger - INFO - Received event PH level request with a unique id of d199d6ae-5daa-40f5-80c9-99f9bca8e3b0
2022-10-04 10:40:54,542 - basicLogger - INFO - Returned event PH level response (Id: ba9d368a-7b8d-48f4-9d49-22bdda9a734f) with status code 201
2022-10-04 10:40:54,551 - basicLogger - INFO - Received event Chlorine level request with a unique id of 05abce78-c0eb-48a0-81b3-d37c11e909f9
2022-10-04 10:40:54,989 - basicLogger - INFO - Received event PH level request with a unique id of 7aff6a57-bff5-4d5d-bb95-79edcee7ccfe
2022-10-04 10:40:55,070 - basicLogger - INFO - Returned event PH level response (Id: 9865e0aa-b99b-4b17-b3f0-d6402e10c85d) with status code 201
2022-10-04 10:40:55,077 - basicLogger - INFO - Received event Chlorine level request with a unique id of 3ef2d972-5471-4240-b2a9-f2ac7b96c9bb
2022-10-04 10:40:55,496 - basicLogger - INFO - Received event PH level request with a unique id of 76843d4d-8373-4b20-8779-8daf9f18ab1e
2022-10-04 10:40:55,535 - basicLogger - INFO - Returned event PH level response (Id: 1c29dcad-9949-42d5-b461-0d09d3048a65) with status code 201
2022-10-04 10:40:55,541 - basicLogger - INFO - Received event Chlorine level request with a unique id of 14db2a22-6774-4e33-b1ea-6a327adb952f
2022-10-04 10:40:55,990 - basicLogger - INFO - Received event PH level request with a unique id of 30a5b220-b63d-4c03-b3b3-c77a6f7c7bc4
2022-10-04 10:40:56,048 - basicLogger - INFO - Returned event PH level response (Id: 45dd76e5-697d-46a3-849d-3ab0eca835fa) with status code 201
2022-10-04 10:40:56,057 - basicLogger - INFO - Received event Chlorine level request with a unique id of ab4a4d8d-8739-4e8f-92be-114f611975ea
2022-10-04 10:40:56,111 - basicLogger - INFO - Returned event chlorine level response (Id: ab043de4-6506-4148-8b89-41ff487ed173) with status code 201
2022-10-04 10:40:56,117 - basicLogger - INFO - Received event PH level request with a unique id of 8c0f0841-273d-408a-ae4b-348663b57d10
2022-10-04 10:40:56,487 - basicLogger - INFO - Received event PH level request with a unique id of 48227bcd-1dcc-4c86-8ea0-cc4164b689f7
2022-10-04 10:40:56,540 - basicLogger - INFO - Returned event PH level response (Id: d199d6ae-5daa-40f5-80c9-99f9bca8e3b0) with status code 201
2022-10-04 10:40:56,551 - basicLogger - INFO - Received event Chlorine level request with a unique id of a075bd38-b547-44be-b493-dd3c78b005e0
2022-10-04 10:40:56,630 - basicLogger - INFO - Returned event chlorine level response (Id: 05abce78-c0eb-48a0-81b3-d37c11e909f9) with status code 201
2022-10-04 10:40:56,654 - basicLogger - INFO - Received event PH level request with a unique id of 089bf4e5-365c-4f21-8a8f-0f404ee1a9a8
2022-10-04 10:40:57,037 - basicLogger - INFO - Returned event PH level response (Id: 7aff6a57-bff5-4d5d-bb95-79edcee7ccfe) with status code 201
2022-10-04 10:40:57,046 - basicLogger - INFO - Received event Chlorine level request with a unique id of ef97c55c-0922-46ae-b193-6fc66184bc63
2022-10-04 10:40:57,136 - basicLogger - INFO - Returned event chlorine level response (Id: 3ef2d972-5471-4240-b2a9-f2ac7b96c9bb) with status code 201
2022-10-04 10:40:57,145 - basicLogger - INFO - Received event PH level request with a unique id of 0335e79e-59e5-4730-b464-3246cf09dd9a
2022-10-04 10:40:57,530 - basicLogger - INFO - Returned event PH level response (Id: 76843d4d-8373-4b20-8779-8daf9f18ab1e) with status code 201
2022-10-04 10:40:57,530 - basicLogger - INFO - Received event Chlorine level request with a unique id of 1ca4e232-726a-4b52-a37d-c9c8a842515a
2022-10-04 10:40:57,587 - basicLogger - INFO - Returned event chlorine level response (Id: 14db2a22-6774-4e33-b1ea-6a327adb952f) with status code 201
2022-10-04 10:40:57,595 - basicLogger - INFO - Received event PH level request with a unique id of 5845e5fa-9cff-4471-94cf-6e1cfff46262
2022-10-04 10:40:58,024 - basicLogger - INFO - Returned event PH level response (Id: 30a5b220-b63d-4c03-b3b3-c77a6f7c7bc4) with status code 201
2022-10-04 10:40:58,032 - basicLogger - INFO - Received event Chlorine level request with a unique id of c799f5d4-909d-4c8f-8534-b9b9125933f4
2022-10-04 10:40:58,107 - basicLogger - INFO - Returned event chlorine level response (Id: ab4a4d8d-8739-4e8f-92be-114f611975ea) with status code 201
2022-10-04 10:40:58,114 - basicLogger - INFO - Received event PH level request with a unique id of 5b0e0a34-817b-4958-bec4-71b8b3ce72d6
2022-10-04 10:40:58,171 - basicLogger - INFO - Returned event PH level response (Id: 8c0f0841-273d-408a-ae4b-348663b57d10) with status code 201
2022-10-04 10:40:58,179 - basicLogger - INFO - Received event Chlorine level request with a unique id of 063419b5-9251-4b33-9388-85874a516e89
2022-10-04 10:40:58,545 - basicLogger - INFO - Returned event PH level response (Id: 48227bcd-1dcc-4c86-8ea0-cc4164b689f7) with status code 201
2022-10-04 10:40:58,553 - basicLogger - INFO - Received event Chlorine level request with a unique id of cf38ba71-6613-4d5e-a78a-277ad49c1d9d
2022-10-04 10:40:58,579 - basicLogger - INFO - Returned event chlorine level response (Id: a075bd38-b547-44be-b493-dd3c78b005e0) with status code 201
2022-10-04 10:40:58,589 - basicLogger - INFO - Received event PH level request with a unique id of 3453cac3-297a-4664-a102-d063ffc898bd
2022-10-04 10:40:58,696 - basicLogger - INFO - Returned event PH level response (Id: 089bf4e5-365c-4f21-8a8f-0f404ee1a9a8) with status code 201
2022-10-04 10:40:58,704 - basicLogger - INFO - Received event Chlorine level request with a unique id of 5b19b63a-a80e-4f16-abe0-a08d73f88c98
2022-10-04 10:40:59,099 - basicLogger - INFO - Returned event chlorine level response (Id: ef97c55c-0922-46ae-b193-6fc66184bc63) with status code 201
2022-10-04 10:40:59,103 - basicLogger - INFO - Received event PH level request with a unique id of cb6d0ef6-6825-43a4-9d9d-794f68b7a3a6
2022-10-04 10:40:59,187 - basicLogger - INFO - Returned event PH level response (Id: 0335e79e-59e5-4730-b464-3246cf09dd9a) with status code 201
2022-10-04 10:40:59,195 - basicLogger - INFO - Received event Chlorine level request with a unique id of 6402ca9f-4caf-435e-95d2-319567633e5b
2022-10-04 10:40:59,590 - basicLogger - INFO - Returned event chlorine level response (Id: 1ca4e232-726a-4b52-a37d-c9c8a842515a) with status code 201
2022-10-04 10:40:59,599 - basicLogger - INFO - Received event PH level request with a unique id of dc757caf-287d-4fa2-acf5-d073dae3392d
2022-10-04 10:40:59,656 - basicLogger - INFO - Returned event PH level response (Id: 5845e5fa-9cff-4471-94cf-6e1cfff46262) with status code 201
2022-10-04 10:40:59,657 - basicLogger - INFO - Received event Chlorine level request with a unique id of 78214020-2baf-4258-bd2f-fc413e2741e8
2022-10-04 10:41:00,092 - basicLogger - INFO - Returned event chlorine level response (Id: c799f5d4-909d-4c8f-8534-b9b9125933f4) with status code 201
2022-10-04 10:41:00,103 - basicLogger - INFO - Received event PH level request with a unique id of d2e60727-ed38-440e-9a8e-8d41ec0d2c29
2022-10-04 10:41:00,158 - basicLogger - INFO - Returned event PH level response (Id: 5b0e0a34-817b-4958-bec4-71b8b3ce72d6) with status code 201
2022-10-04 10:41:00,166 - basicLogger - INFO - Received event Chlorine level request with a unique id of 3371dea3-6191-458f-a143-02e8d6b62e61
2022-10-04 10:41:00,228 - basicLogger - INFO - Returned event chlorine level response (Id: 063419b5-9251-4b33-9388-85874a516e89) with status code 201
2022-10-04 10:41:00,235 - basicLogger - INFO - Received event PH level request with a unique id of a10d0428-ebed-4608-94fd-a088cc8024b7
2022-10-04 10:41:00,604 - basicLogger - INFO - Returned event chlorine level response (Id: cf38ba71-6613-4d5e-a78a-277ad49c1d9d) with status code 201
2022-10-04 10:41:00,613 - basicLogger - INFO - Received event PH level request with a unique id of ab4124de-3e55-471f-b730-aaf1b36a9b77
2022-10-04 10:41:00,613 - basicLogger - INFO - Returned event PH level response (Id: 3453cac3-297a-4664-a102-d063ffc898bd) with status code 201
2022-10-04 10:41:00,626 - basicLogger - INFO - Received event Chlorine level request with a unique id of 6306ea05-f352-47cf-95d9-c7df85245acc
2022-10-04 10:41:00,762 - basicLogger - INFO - Returned event chlorine level response (Id: 5b19b63a-a80e-4f16-abe0-a08d73f88c98) with status code 201
2022-10-04 10:41:00,770 - basicLogger - INFO - Received event PH level request with a unique id of 2c79a534-3f5f-4c4c-bb2d-2176a2a0d438
2022-10-04 10:41:01,186 - basicLogger - INFO - Returned event PH level response (Id: cb6d0ef6-6825-43a4-9d9d-794f68b7a3a6) with status code 201
2022-10-04 10:41:01,192 - basicLogger - INFO - Received event Chlorine level request with a unique id of db05c348-d5ad-4ed5-abaf-7e31d9e2a537
2022-10-04 10:41:01,222 - basicLogger - INFO - Returned event chlorine level response (Id: 6402ca9f-4caf-435e-95d2-319567633e5b) with status code 201
2022-10-04 10:41:01,224 - basicLogger - INFO - Received event PH level request with a unique id of 858e0426-630a-4581-9fe2-c4bce8224246
2022-10-04 10:41:01,653 - basicLogger - INFO - Returned event PH level response (Id: dc757caf-287d-4fa2-acf5-d073dae3392d) with status code 201
2022-10-04 10:41:01,663 - basicLogger - INFO - Received event Chlorine level request with a unique id of fde9a8f8-a4b3-4c8e-8abf-1d44d51d1e36
2022-10-04 10:41:01,719 - basicLogger - INFO - Returned event chlorine level response (Id: 78214020-2baf-4258-bd2f-fc413e2741e8) with status code 201
2022-10-04 10:41:01,732 - basicLogger - INFO - Received event PH level request with a unique id of 75961a88-c8f3-46c9-9c8c-50e11de594d4
2022-10-04 10:41:02,155 - basicLogger - INFO - Returned event PH level response (Id: d2e60727-ed38-440e-9a8e-8d41ec0d2c29) with status code 201
2022-10-04 10:41:02,160 - basicLogger - INFO - Received event Chlorine level request with a unique id of 99f840c2-cd36-45d9-ab99-b221fd49a3b5
2022-10-04 10:41:02,210 - basicLogger - INFO - Returned event chlorine level response (Id: 3371dea3-6191-458f-a143-02e8d6b62e61) with status code 201
2022-10-04 10:41:02,220 - basicLogger - INFO - Received event PH level request with a unique id of a78580b8-c476-4132-9728-4e624abc07b3
2022-10-04 10:41:02,276 - basicLogger - INFO - Returned event PH level response (Id: a10d0428-ebed-4608-94fd-a088cc8024b7) with status code 201
2022-10-04 10:41:02,287 - basicLogger - INFO - Received event Chlorine level request with a unique id of cbba6f41-5a56-4fc1-93a0-227e2e0d46df
2022-10-04 10:41:02,670 - basicLogger - INFO - Returned event chlorine level response (Id: 6306ea05-f352-47cf-95d9-c7df85245acc) with status code 201
2022-10-04 10:41:02,670 - basicLogger - INFO - Returned event PH level response (Id: ab4124de-3e55-471f-b730-aaf1b36a9b77) with status code 201
2022-10-04 10:41:02,679 - basicLogger - INFO - Received event PH level request with a unique id of 3c1a8ee3-c16b-4c49-92f8-abd3755609b9
2022-10-04 10:41:02,679 - basicLogger - INFO - Received event Chlorine level request with a unique id of 3235e71a-54fc-4691-b86d-de2d20949502
2022-10-04 10:41:02,810 - basicLogger - INFO - Returned event PH level response (Id: 2c79a534-3f5f-4c4c-bb2d-2176a2a0d438) with status code 201
2022-10-04 10:41:02,821 - basicLogger - INFO - Received event Chlorine level request with a unique id of 02f62e75-2c8b-4cb9-b45d-f86a608ac285
2022-10-04 10:41:03,263 - basicLogger - INFO - Returned event chlorine level response (Id: db05c348-d5ad-4ed5-abaf-7e31d9e2a537) with status code 201
2022-10-04 10:41:03,263 - basicLogger - INFO - Returned event PH level response (Id: 858e0426-630a-4581-9fe2-c4bce8224246) with status code 201
2022-10-04 10:41:03,274 - basicLogger - INFO - Received event PH level request with a unique id of 5a13cfd3-0e3e-410e-b5a5-43448e21c69c
2022-10-04 10:41:03,274 - basicLogger - INFO - Received event Chlorine level request with a unique id of 30087469-6315-4045-ba4a-c6b3c1f03daa
2022-10-04 10:41:03,712 - basicLogger - INFO - Returned event chlorine level response (Id: fde9a8f8-a4b3-4c8e-8abf-1d44d51d1e36) with status code 201
2022-10-04 10:41:03,720 - basicLogger - INFO - Received event PH level request with a unique id of 8bf5d6f6-ca73-46e1-9222-fff0289d78f1
2022-10-04 10:41:03,771 - basicLogger - INFO - Returned event PH level response (Id: 75961a88-c8f3-46c9-9c8c-50e11de594d4) with status code 201
2022-10-04 10:41:03,771 - basicLogger - INFO - Received event Chlorine level request with a unique id of 4d25d6ac-447f-44a6-8076-3523e35254f7
2022-10-04 10:41:04,220 - basicLogger - INFO - Returned event chlorine level response (Id: 99f840c2-cd36-45d9-ab99-b221fd49a3b5) with status code 201
2022-10-04 10:41:04,226 - basicLogger - INFO - Received event PH level request with a unique id of 0132fc50-644e-4c0a-8f2a-adf6b87569c7
2022-10-04 10:41:04,270 - basicLogger - INFO - Returned event PH level response (Id: a78580b8-c476-4132-9728-4e624abc07b3) with status code 201
2022-10-04 10:41:04,278 - basicLogger - INFO - Received event Chlorine level request with a unique id of 41988797-601a-4949-9763-9731cd760a9c
2022-10-04 10:41:04,344 - basicLogger - INFO - Returned event chlorine level response (Id: cbba6f41-5a56-4fc1-93a0-227e2e0d46df) with status code 201
2022-10-04 10:41:04,356 - basicLogger - INFO - Received event PH level request with a unique id of c5b25f0b-ac60-45f9-8443-7f5ad284759a
2022-10-04 10:41:04,729 - basicLogger - INFO - Returned event chlorine level response (Id: 3235e71a-54fc-4691-b86d-de2d20949502) with status code 201
2022-10-04 10:41:04,729 - basicLogger - INFO - Returned event PH level response (Id: 3c1a8ee3-c16b-4c49-92f8-abd3755609b9) with status code 201
2022-10-04 10:41:04,879 - basicLogger - INFO - Returned event chlorine level response (Id: 02f62e75-2c8b-4cb9-b45d-f86a608ac285) with status code 201
2022-10-04 10:41:05,322 - basicLogger - INFO - Returned event chlorine level response (Id: 30087469-6315-4045-ba4a-c6b3c1f03daa) with status code 201
2022-10-04 10:41:05,332 - basicLogger - INFO - Returned event PH level response (Id: 5a13cfd3-0e3e-410e-b5a5-43448e21c69c) with status code 201
2022-10-04 10:41:05,745 - basicLogger - INFO - Returned event PH level response (Id: 8bf5d6f6-ca73-46e1-9222-fff0289d78f1) with status code 201
2022-10-04 10:41:05,828 - basicLogger - INFO - Returned event chlorine level response (Id: 4d25d6ac-447f-44a6-8076-3523e35254f7) with status code 201
2022-10-04 10:41:06,270 - basicLogger - INFO - Returned event PH level response (Id: 0132fc50-644e-4c0a-8f2a-adf6b87569c7) with status code 201
2022-10-04 10:41:06,322 - basicLogger - INFO - Returned event chlorine level response (Id: 41988797-601a-4949-9763-9731cd760a9c) with status code 201
2022-10-04 10:41:06,399 - basicLogger - INFO - Returned event PH level response (Id: c5b25f0b-ac60-45f9-8443-7f5ad284759a) with status code 201
2022-10-04 10:42:07,056 - basicLogger - INFO - Received event PH level request with a unique id of 63fff6f0-f8c4-416a-90bd-ca45dbaf981f
2022-10-04 10:42:07,566 - basicLogger - INFO - Received event PH level request with a unique id of fbbd7290-a494-4d26-8d6f-2c4110863ffe
2022-10-04 10:42:08,063 - basicLogger - INFO - Received event PH level request with a unique id of 0e2a84b9-0344-4c95-80d1-d369a9abfcaa
2022-10-04 10:42:08,555 - basicLogger - INFO - Received event PH level request with a unique id of b8df6ae1-ee29-456a-9f70-c4f866e78ccb
2022-10-04 10:42:09,051 - basicLogger - INFO - Received event PH level request with a unique id of 2ec4c4f7-3156-4bfd-88b1-75ad6966ab34
2022-10-04 10:42:09,117 - basicLogger - INFO - Returned event PH level response (Id: 63fff6f0-f8c4-416a-90bd-ca45dbaf981f) with status code 201
2022-10-04 10:42:09,122 - basicLogger - INFO - Received event Chlorine level request with a unique id of 0f8efea5-1853-409f-bac6-6e5c8ef03063
2022-10-04 10:42:09,550 - basicLogger - INFO - Received event PH level request with a unique id of 9341fcc5-748c-4bda-9aea-136226e61979
2022-10-04 10:42:09,638 - basicLogger - INFO - Returned event PH level response (Id: fbbd7290-a494-4d26-8d6f-2c4110863ffe) with status code 201
2022-10-04 10:42:09,638 - basicLogger - INFO - Received event Chlorine level request with a unique id of 43366b7a-ad46-4fbd-9d78-cb66cb78a587
2022-10-04 10:42:10,064 - basicLogger - INFO - Received event PH level request with a unique id of 05936f2d-ac85-4ca4-b8ac-e0e78ace31c5
2022-10-04 10:42:10,137 - basicLogger - INFO - Returned event PH level response (Id: 0e2a84b9-0344-4c95-80d1-d369a9abfcaa) with status code 201
2022-10-04 10:42:10,144 - basicLogger - INFO - Received event Chlorine level request with a unique id of 27c164b4-8fd9-452e-ad09-2808d20f27f8
2022-10-04 10:42:10,552 - basicLogger - INFO - Received event PH level request with a unique id of 69d69753-0d69-4b74-9819-2dc577155c6b
2022-10-04 10:42:10,595 - basicLogger - INFO - Returned event PH level response (Id: b8df6ae1-ee29-456a-9f70-c4f866e78ccb) with status code 201
2022-10-04 10:42:10,599 - basicLogger - INFO - Received event Chlorine level request with a unique id of 8a3a4845-6224-4617-ac6b-9d49dca1930b
2022-10-04 10:42:11,054 - basicLogger - INFO - Received event PH level request with a unique id of 3f414962-ed3a-4384-acb1-54e5b745dba5
2022-10-04 10:42:11,107 - basicLogger - INFO - Returned event PH level response (Id: 2ec4c4f7-3156-4bfd-88b1-75ad6966ab34) with status code 201
2022-10-04 10:42:11,113 - basicLogger - INFO - Received event Chlorine level request with a unique id of f3972d66-cfac-45f6-8cda-3f13d2193ee7
2022-10-04 10:42:11,184 - basicLogger - INFO - Returned event chlorine level response (Id: 0f8efea5-1853-409f-bac6-6e5c8ef03063) with status code 201
2022-10-04 10:42:11,190 - basicLogger - INFO - Received event PH level request with a unique id of 4e94517f-e1ac-4867-95e5-e5f7881a2713
2022-10-04 10:42:11,548 - basicLogger - INFO - Received event PH level request with a unique id of 5a4f0de5-d0a4-42d4-8bd6-dfe85eca431d
2022-10-04 10:42:11,611 - basicLogger - INFO - Returned event PH level response (Id: 9341fcc5-748c-4bda-9aea-136226e61979) with status code 201
2022-10-04 10:42:11,612 - basicLogger - INFO - Received event Chlorine level request with a unique id of 61f1089a-8a23-418d-933a-e86a85a90f95
2022-10-04 10:42:11,690 - basicLogger - INFO - Returned event chlorine level response (Id: 43366b7a-ad46-4fbd-9d78-cb66cb78a587) with status code 201
2022-10-04 10:42:11,700 - basicLogger - INFO - Received event PH level request with a unique id of ef8deae9-2915-42ae-99a0-b0efc317cc50
2022-10-04 10:42:12,124 - basicLogger - INFO - Returned event PH level response (Id: 05936f2d-ac85-4ca4-b8ac-e0e78ace31c5) with status code 201
2022-10-04 10:42:12,131 - basicLogger - INFO - Received event Chlorine level request with a unique id of 742fab8d-24d7-4936-ae0b-4910b33dbb7a
2022-10-04 10:42:12,188 - basicLogger - INFO - Returned event chlorine level response (Id: 27c164b4-8fd9-452e-ad09-2808d20f27f8) with status code 201
2022-10-04 10:42:12,201 - basicLogger - INFO - Received event PH level request with a unique id of aedf9a28-9e8d-4402-8eb2-26cc6ffd84ad
2022-10-04 10:42:12,596 - basicLogger - INFO - Returned event PH level response (Id: 69d69753-0d69-4b74-9819-2dc577155c6b) with status code 201
2022-10-04 10:42:12,596 - basicLogger - INFO - Received event Chlorine level request with a unique id of 2eedb441-8238-4e40-a46d-43fd9acb1b7b
2022-10-04 10:42:12,637 - basicLogger - INFO - Returned event chlorine level response (Id: 8a3a4845-6224-4617-ac6b-9d49dca1930b) with status code 201
2022-10-04 10:42:12,646 - basicLogger - INFO - Received event PH level request with a unique id of e298b1fd-419f-4d19-92d8-a1225cbbc31a
2022-10-04 10:42:13,109 - basicLogger - INFO - Returned event PH level response (Id: 3f414962-ed3a-4384-acb1-54e5b745dba5) with status code 201
2022-10-04 10:42:13,117 - basicLogger - INFO - Received event Chlorine level request with a unique id of cc2d577c-e015-42e9-91a4-1c943bcd7b3c
2022-10-04 10:42:13,144 - basicLogger - INFO - Returned event chlorine level response (Id: f3972d66-cfac-45f6-8cda-3f13d2193ee7) with status code 201
2022-10-04 10:42:13,144 - basicLogger - INFO - Received event PH level request with a unique id of 685d18f4-724f-43bd-9da2-9fe908325492
2022-10-04 10:42:13,229 - basicLogger - INFO - Returned event PH level response (Id: 4e94517f-e1ac-4867-95e5-e5f7881a2713) with status code 201
2022-10-04 10:42:13,232 - basicLogger - INFO - Received event Chlorine level request with a unique id of 40a78f1e-5849-4c8e-bbcc-c205c3d49b80
2022-10-04 10:42:13,615 - basicLogger - INFO - Returned event PH level response (Id: 5a4f0de5-d0a4-42d4-8bd6-dfe85eca431d) with status code 201
2022-10-04 10:42:13,630 - basicLogger - INFO - Received event Chlorine level request with a unique id of dfbb24a7-415e-4668-81d4-73ac8529379f
2022-10-04 10:42:13,657 - basicLogger - INFO - Returned event chlorine level response (Id: 61f1089a-8a23-418d-933a-e86a85a90f95) with status code 201
2022-10-04 10:42:13,663 - basicLogger - INFO - Received event PH level request with a unique id of 12bd9a95-fd76-4f70-a72c-9432cee2ce89
2022-10-04 10:42:13,738 - basicLogger - INFO - Returned event PH level response (Id: ef8deae9-2915-42ae-99a0-b0efc317cc50) with status code 201
2022-10-04 10:42:13,738 - basicLogger - INFO - Received event Chlorine level request with a unique id of 6f6ebca2-af92-4a57-9f3b-b7075487f6c8
2022-10-04 10:42:14,166 - basicLogger - INFO - Returned event chlorine level response (Id: 742fab8d-24d7-4936-ae0b-4910b33dbb7a) with status code 201
2022-10-04 10:42:14,174 - basicLogger - INFO - Received event PH level request with a unique id of 0be88ce1-ac23-48d6-8b11-da2c0cde4b55
2022-10-04 10:42:14,246 - basicLogger - INFO - Returned event PH level response (Id: aedf9a28-9e8d-4402-8eb2-26cc6ffd84ad) with status code 201
2022-10-04 10:42:14,254 - basicLogger - INFO - Received event Chlorine level request with a unique id of 1aaf4f45-22ca-464c-a56d-0168009d8480
2022-10-04 10:42:14,639 - basicLogger - INFO - Returned event chlorine level response (Id: 2eedb441-8238-4e40-a46d-43fd9acb1b7b) with status code 201
2022-10-04 10:42:14,646 - basicLogger - INFO - Received event PH level request with a unique id of cc57e88c-b626-4fa8-9497-82708a50bbca
2022-10-04 10:42:14,672 - basicLogger - INFO - Returned event PH level response (Id: e298b1fd-419f-4d19-92d8-a1225cbbc31a) with status code 201
2022-10-04 10:42:14,678 - basicLogger - INFO - Received event Chlorine level request with a unique id of 3fadc579-54b8-463d-8ef4-d7065f34855b
2022-10-04 10:42:15,154 - basicLogger - INFO - Returned event chlorine level response (Id: cc2d577c-e015-42e9-91a4-1c943bcd7b3c) with status code 201
2022-10-04 10:42:15,163 - basicLogger - INFO - Received event PH level request with a unique id of f2b26db5-8d6d-4cef-bee6-957679ccfb7c
2022-10-04 10:42:15,187 - basicLogger - INFO - Returned event PH level response (Id: 685d18f4-724f-43bd-9da2-9fe908325492) with status code 201
2022-10-04 10:42:15,196 - basicLogger - INFO - Received event Chlorine level request with a unique id of fe88f0a2-0cd2-43f3-952f-3aae90840658
2022-10-04 10:42:15,256 - basicLogger - INFO - Returned event chlorine level response (Id: 40a78f1e-5849-4c8e-bbcc-c205c3d49b80) with status code 201
2022-10-04 10:42:15,256 - basicLogger - INFO - Received event PH level request with a unique id of 7039b74d-ea68-4d5b-80a3-ab72bf6c5593
2022-10-04 10:42:15,679 - basicLogger - INFO - Returned event chlorine level response (Id: dfbb24a7-415e-4668-81d4-73ac8529379f) with status code 201
2022-10-04 10:42:15,688 - basicLogger - INFO - Received event PH level request with a unique id of 27dde256-10d4-413c-8239-5cea41291c81
2022-10-04 10:42:15,706 - basicLogger - INFO - Returned event PH level response (Id: 12bd9a95-fd76-4f70-a72c-9432cee2ce89) with status code 201
2022-10-04 10:42:15,706 - basicLogger - INFO - Received event Chlorine level request with a unique id of eff444c7-d2b3-4d8a-b2b7-221ff23a4fa1
2022-10-04 10:42:15,793 - basicLogger - INFO - Returned event chlorine level response (Id: 6f6ebca2-af92-4a57-9f3b-b7075487f6c8) with status code 201
2022-10-04 10:42:15,801 - basicLogger - INFO - Received event PH level request with a unique id of 413ea954-69e8-4a67-b1e3-c795f403779d
2022-10-04 10:42:16,207 - basicLogger - INFO - Returned event PH level response (Id: 0be88ce1-ac23-48d6-8b11-da2c0cde4b55) with status code 201
2022-10-04 10:42:16,214 - basicLogger - INFO - Received event Chlorine level request with a unique id of a1f20520-58cb-44c3-92ac-9f69395e40ac
2022-10-04 10:42:16,272 - basicLogger - INFO - Returned event chlorine level response (Id: 1aaf4f45-22ca-464c-a56d-0168009d8480) with status code 201
2022-10-04 10:42:16,280 - basicLogger - INFO - Received event PH level request with a unique id of f4e6b6ea-13e8-4bb4-94cf-f09db85a8fb5
2022-10-04 10:42:16,689 - basicLogger - INFO - Returned event PH level response (Id: cc57e88c-b626-4fa8-9497-82708a50bbca) with status code 201
2022-10-04 10:42:16,695 - basicLogger - INFO - Received event Chlorine level request with a unique id of 3dc25278-a587-46d4-9739-cd34bc0813c4
2022-10-04 10:42:16,727 - basicLogger - INFO - Returned event chlorine level response (Id: 3fadc579-54b8-463d-8ef4-d7065f34855b) with status code 201
2022-10-04 10:42:16,732 - basicLogger - INFO - Received event PH level request with a unique id of ad7a8474-0d25-46f5-9b8b-8b1d29e5a6f4
2022-10-04 10:42:17,204 - basicLogger - INFO - Returned event PH level response (Id: f2b26db5-8d6d-4cef-bee6-957679ccfb7c) with status code 201
2022-10-04 10:42:17,213 - basicLogger - INFO - Received event Chlorine level request with a unique id of ea0c5d36-0ffd-4902-bf5c-dac2c9c4986f
2022-10-04 10:42:17,240 - basicLogger - INFO - Returned event chlorine level response (Id: fe88f0a2-0cd2-43f3-952f-3aae90840658) with status code 201
2022-10-04 10:42:17,243 - basicLogger - INFO - Received event PH level request with a unique id of e76f87fc-40be-43c9-9436-db4fd4c6d2a0
2022-10-04 10:42:17,293 - basicLogger - INFO - Returned event PH level response (Id: 7039b74d-ea68-4d5b-80a3-ab72bf6c5593) with status code 201
2022-10-04 10:42:17,302 - basicLogger - INFO - Received event Chlorine level request with a unique id of 2fe9319d-451a-4e0d-b963-9a55f155b835
2022-10-04 10:42:17,740 - basicLogger - INFO - Returned event PH level response (Id: 27dde256-10d4-413c-8239-5cea41291c81) with status code 201
2022-10-04 10:42:17,745 - basicLogger - INFO - Received event Chlorine level request with a unique id of f1480434-0cdd-4dd4-8e47-85d1c09c50ee
2022-10-04 10:42:17,745 - basicLogger - INFO - Returned event chlorine level response (Id: eff444c7-d2b3-4d8a-b2b7-221ff23a4fa1) with status code 201
2022-10-04 10:42:17,754 - basicLogger - INFO - Received event PH level request with a unique id of 55641270-03c1-4fe0-a7bc-32ab9423eba8
2022-10-04 10:42:17,850 - basicLogger - INFO - Returned event PH level response (Id: 413ea954-69e8-4a67-b1e3-c795f403779d) with status code 201
2022-10-04 10:42:17,858 - basicLogger - INFO - Received event Chlorine level request with a unique id of 2d0abc4a-6954-441c-a06f-70788a2cd9f1
2022-10-04 10:42:18,259 - basicLogger - INFO - Returned event chlorine level response (Id: a1f20520-58cb-44c3-92ac-9f69395e40ac) with status code 201
2022-10-04 10:42:18,272 - basicLogger - INFO - Received event PH level request with a unique id of 93fd1b11-4682-4123-8c75-44ff327259a9
2022-10-04 10:42:18,314 - basicLogger - INFO - Returned event PH level response (Id: f4e6b6ea-13e8-4bb4-94cf-f09db85a8fb5) with status code 201
2022-10-04 10:42:18,314 - basicLogger - INFO - Received event Chlorine level request with a unique id of d3b1ea0a-5325-4b94-be12-8423fdafcfe5
2022-10-04 10:42:18,737 - basicLogger - INFO - Returned event chlorine level response (Id: 3dc25278-a587-46d4-9739-cd34bc0813c4) with status code 201
2022-10-04 10:42:18,748 - basicLogger - INFO - Received event PH level request with a unique id of 05359cdf-7298-4bc8-a191-5b8191af9739
2022-10-04 10:42:18,790 - basicLogger - INFO - Returned event PH level response (Id: ad7a8474-0d25-46f5-9b8b-8b1d29e5a6f4) with status code 201
2022-10-04 10:42:18,790 - basicLogger - INFO - Received event Chlorine level request with a unique id of 93af6e36-1632-41b2-ac28-42b7a2437e22
2022-10-04 10:42:19,255 - basicLogger - INFO - Returned event chlorine level response (Id: ea0c5d36-0ffd-4902-bf5c-dac2c9c4986f) with status code 201
2022-10-04 10:42:19,263 - basicLogger - INFO - Received event PH level request with a unique id of f01b5231-8cb4-4340-a806-24ade2ed1050
2022-10-04 10:42:19,289 - basicLogger - INFO - Returned event PH level response (Id: e76f87fc-40be-43c9-9436-db4fd4c6d2a0) with status code 201
2022-10-04 10:42:19,289 - basicLogger - INFO - Received event Chlorine level request with a unique id of 5d5cdeac-b668-43be-a397-b570be911bbf
2022-10-04 10:42:19,348 - basicLogger - INFO - Returned event chlorine level response (Id: 2fe9319d-451a-4e0d-b963-9a55f155b835) with status code 201
2022-10-04 10:42:19,352 - basicLogger - INFO - Received event PH level request with a unique id of 1dafb535-967f-408e-a208-c440ad9fa810
2022-10-04 10:42:19,807 - basicLogger - INFO - Returned event PH level response (Id: 55641270-03c1-4fe0-a7bc-32ab9423eba8) with status code 201
2022-10-04 10:42:19,808 - basicLogger - INFO - Returned event chlorine level response (Id: f1480434-0cdd-4dd4-8e47-85d1c09c50ee) with status code 201
2022-10-04 10:42:19,813 - basicLogger - INFO - Received event Chlorine level request with a unique id of f4bd8d28-3a28-47d3-a53b-679f47c62b6c
2022-10-04 10:42:19,816 - basicLogger - INFO - Received event PH level request with a unique id of ad273c09-4de5-437e-9a84-f0f23276e5f7
2022-10-04 10:42:19,922 - basicLogger - INFO - Returned event chlorine level response (Id: 2d0abc4a-6954-441c-a06f-70788a2cd9f1) with status code 201
2022-10-04 10:42:19,925 - basicLogger - INFO - Received event PH level request with a unique id of 710d8683-f2e8-48d9-9cf6-1d2226fb3f41
2022-10-04 10:42:20,304 - basicLogger - INFO - Returned event PH level response (Id: 93fd1b11-4682-4123-8c75-44ff327259a9) with status code 201
2022-10-04 10:42:20,313 - basicLogger - INFO - Received event Chlorine level request with a unique id of 2e3c3d62-1bb1-475e-b112-d899a7517560
2022-10-04 10:42:20,358 - basicLogger - INFO - Returned event chlorine level response (Id: d3b1ea0a-5325-4b94-be12-8423fdafcfe5) with status code 201
2022-10-04 10:42:20,358 - basicLogger - INFO - Received event PH level request with a unique id of 0020f425-9c45-4f80-b27f-aee4c6542ff6
2022-10-04 10:42:20,811 - basicLogger - INFO - Returned event PH level response (Id: 05359cdf-7298-4bc8-a191-5b8191af9739) with status code 201
2022-10-04 10:42:20,811 - basicLogger - INFO - Received event Chlorine level request with a unique id of 0fee7738-be7a-4788-a613-6c70158210d8
2022-10-04 10:42:20,839 - basicLogger - INFO - Returned event chlorine level response (Id: 93af6e36-1632-41b2-ac28-42b7a2437e22) with status code 201
2022-10-04 10:42:20,842 - basicLogger - INFO - Received event PH level request with a unique id of 86c87875-c8dc-490f-99b4-96032db07d76
2022-10-04 10:42:21,307 - basicLogger - INFO - Returned event PH level response (Id: f01b5231-8cb4-4340-a806-24ade2ed1050) with status code 201
2022-10-04 10:42:21,317 - basicLogger - INFO - Received event Chlorine level request with a unique id of 7886a0b7-d91b-4cac-b9d0-557b61881626
2022-10-04 10:42:21,346 - basicLogger - INFO - Returned event chlorine level response (Id: 5d5cdeac-b668-43be-a397-b570be911bbf) with status code 201
2022-10-04 10:42:21,349 - basicLogger - INFO - Received event PH level request with a unique id of 437c037d-b965-4931-8744-228cb9d9a7dc
2022-10-04 10:42:21,389 - basicLogger - INFO - Returned event PH level response (Id: 1dafb535-967f-408e-a208-c440ad9fa810) with status code 201
2022-10-04 10:42:21,396 - basicLogger - INFO - Received event Chlorine level request with a unique id of 0e53bdda-4c37-4a7c-8948-c689830c5ec9
2022-10-04 10:42:21,849 - basicLogger - INFO - Returned event PH level response (Id: ad273c09-4de5-437e-9a84-f0f23276e5f7) with status code 201
2022-10-04 10:42:21,849 - basicLogger - INFO - Returned event chlorine level response (Id: f4bd8d28-3a28-47d3-a53b-679f47c62b6c) with status code 201
2022-10-04 10:42:21,855 - basicLogger - INFO - Received event Chlorine level request with a unique id of 6092bbff-509a-47b1-a6fb-fe650a0d40bf
2022-10-04 10:42:21,855 - basicLogger - INFO - Received event PH level request with a unique id of c83f8315-92b0-4f65-b6fc-c61faf2daa90
2022-10-04 10:42:21,971 - basicLogger - INFO - Returned event PH level response (Id: 710d8683-f2e8-48d9-9cf6-1d2226fb3f41) with status code 201
2022-10-04 10:42:21,971 - basicLogger - INFO - Received event Chlorine level request with a unique id of fe649110-2ea0-45c4-b1a4-aee8271a5490
2022-10-04 10:42:22,362 - basicLogger - INFO - Returned event chlorine level response (Id: 2e3c3d62-1bb1-475e-b112-d899a7517560) with status code 201
2022-10-04 10:42:22,373 - basicLogger - INFO - Received event PH level request with a unique id of 896eaac9-60fd-49b4-848d-fc63aaaf7b02
2022-10-04 10:42:22,396 - basicLogger - INFO - Returned event PH level response (Id: 0020f425-9c45-4f80-b27f-aee4c6542ff6) with status code 201
2022-10-04 10:42:22,405 - basicLogger - INFO - Received event Chlorine level request with a unique id of e04dc627-e48a-4027-9ac3-b3a0a070ce70
2022-10-04 10:42:22,856 - basicLogger - INFO - Returned event chlorine level response (Id: 0fee7738-be7a-4788-a613-6c70158210d8) with status code 201
2022-10-04 10:42:22,860 - basicLogger - INFO - Received event PH level request with a unique id of cd03b846-fdd2-4c4f-a065-1f376fd16f8f
2022-10-04 10:42:22,890 - basicLogger - INFO - Returned event PH level response (Id: 86c87875-c8dc-490f-99b4-96032db07d76) with status code 201
2022-10-04 10:42:22,894 - basicLogger - INFO - Received event Chlorine level request with a unique id of f643819d-c526-41b1-b5eb-db3c611ecfc0
2022-10-04 10:42:23,371 - basicLogger - INFO - Returned event chlorine level response (Id: 7886a0b7-d91b-4cac-b9d0-557b61881626) with status code 201
2022-10-04 10:42:23,372 - basicLogger - INFO - Received event PH level request with a unique id of dd695876-07b3-4b0b-b53c-2efc4940dded
2022-10-04 10:42:23,392 - basicLogger - INFO - Returned event PH level response (Id: 437c037d-b965-4931-8744-228cb9d9a7dc) with status code 201
2022-10-04 10:42:23,397 - basicLogger - INFO - Received event Chlorine level request with a unique id of adfa0912-04fc-45a8-b3c8-c6fae4a68a67
2022-10-04 10:42:23,441 - basicLogger - INFO - Returned event chlorine level response (Id: 0e53bdda-4c37-4a7c-8948-c689830c5ec9) with status code 201
2022-10-04 10:42:23,448 - basicLogger - INFO - Received event PH level request with a unique id of 4a4a30b7-f20f-4dff-8794-953846383f85
2022-10-04 10:42:23,909 - basicLogger - INFO - Returned event PH level response (Id: c83f8315-92b0-4f65-b6fc-c61faf2daa90) with status code 201
2022-10-04 10:42:23,914 - basicLogger - INFO - Returned event chlorine level response (Id: 6092bbff-509a-47b1-a6fb-fe650a0d40bf) with status code 201
2022-10-04 10:42:23,914 - basicLogger - INFO - Received event Chlorine level request with a unique id of 783f49d4-0643-485c-9526-33eba427f89d
2022-10-04 10:42:23,914 - basicLogger - INFO - Received event PH level request with a unique id of af79346e-c97e-4a55-a5c3-be7037bd2949
2022-10-04 10:42:24,023 - basicLogger - INFO - Returned event chlorine level response (Id: fe649110-2ea0-45c4-b1a4-aee8271a5490) with status code 201
2022-10-04 10:42:24,024 - basicLogger - INFO - Received event PH level request with a unique id of fd2d3060-c4ee-40d0-8a83-6f1af3398d82
2022-10-04 10:42:24,428 - basicLogger - INFO - Returned event PH level response (Id: 896eaac9-60fd-49b4-848d-fc63aaaf7b02) with status code 201
2022-10-04 10:42:24,433 - basicLogger - INFO - Received event Chlorine level request with a unique id of 960f28fa-adcd-44cb-af97-39155d6a1471
2022-10-04 10:42:24,457 - basicLogger - INFO - Returned event chlorine level response (Id: e04dc627-e48a-4027-9ac3-b3a0a070ce70) with status code 201
2022-10-04 10:42:24,457 - basicLogger - INFO - Received event PH level request with a unique id of 956d39cd-f74c-4821-bbe8-f4497f4910bc
2022-10-04 10:42:24,898 - basicLogger - INFO - Returned event PH level response (Id: cd03b846-fdd2-4c4f-a065-1f376fd16f8f) with status code 201
2022-10-04 10:42:24,906 - basicLogger - INFO - Received event Chlorine level request with a unique id of 91864037-458a-446c-8ff1-1d6c19e16387
2022-10-04 10:42:24,946 - basicLogger - INFO - Returned event chlorine level response (Id: f643819d-c526-41b1-b5eb-db3c611ecfc0) with status code 201
2022-10-04 10:42:24,953 - basicLogger - INFO - Received event PH level request with a unique id of d31e958f-5da3-4e54-a4b8-8900c1a1d26f
2022-10-04 10:42:25,410 - basicLogger - INFO - Returned event PH level response (Id: dd695876-07b3-4b0b-b53c-2efc4940dded) with status code 201
2022-10-04 10:42:25,410 - basicLogger - INFO - Received event Chlorine level request with a unique id of 21ae0628-4460-4d88-b487-e543125a21d7
2022-10-04 10:42:25,455 - basicLogger - INFO - Returned event chlorine level response (Id: adfa0912-04fc-45a8-b3c8-c6fae4a68a67) with status code 201
2022-10-04 10:42:25,464 - basicLogger - INFO - Received event PH level request with a unique id of c8424413-f92b-455d-8541-33dd6fcfdbf4
2022-10-04 10:42:25,485 - basicLogger - INFO - Returned event PH level response (Id: 4a4a30b7-f20f-4dff-8794-953846383f85) with status code 201
2022-10-04 10:42:25,488 - basicLogger - INFO - Received event Chlorine level request with a unique id of 580d9970-dfe3-44ef-aa54-5d82c82b0b4e
2022-10-04 10:42:25,971 - basicLogger - INFO - Returned event chlorine level response (Id: 783f49d4-0643-485c-9526-33eba427f89d) with status code 201
2022-10-04 10:42:25,979 - basicLogger - INFO - Received event PH level request with a unique id of fe556cf4-af9e-4ca9-a90d-0ff95d4f6d1b
2022-10-04 10:42:25,986 - basicLogger - INFO - Returned event PH level response (Id: af79346e-c97e-4a55-a5c3-be7037bd2949) with status code 201
2022-10-04 10:42:25,991 - basicLogger - INFO - Received event Chlorine level request with a unique id of b2c81f2f-4c63-4e4e-bea6-6e26571d5262
2022-10-04 10:42:26,071 - basicLogger - INFO - Returned event PH level response (Id: fd2d3060-c4ee-40d0-8a83-6f1af3398d82) with status code 201
2022-10-04 10:42:26,075 - basicLogger - INFO - Received event Chlorine level request with a unique id of ec9dfdad-ca49-4fbf-96d9-e1d1a6b36f7c
2022-10-04 10:42:26,490 - basicLogger - INFO - Returned event chlorine level response (Id: 960f28fa-adcd-44cb-af97-39155d6a1471) with status code 201
2022-10-04 10:42:26,499 - basicLogger - INFO - Returned event PH level response (Id: 956d39cd-f74c-4821-bbe8-f4497f4910bc) with status code 201
2022-10-04 10:42:26,507 - basicLogger - INFO - Received event PH level request with a unique id of 574e8054-6ab7-4197-9ed3-8f7c6d2b9c86
2022-10-04 10:42:26,509 - basicLogger - INFO - Received event Chlorine level request with a unique id of 6871b9df-c2c6-4c55-8231-72f0a8f095ee
2022-10-04 10:42:26,946 - basicLogger - INFO - Returned event chlorine level response (Id: 91864037-458a-446c-8ff1-1d6c19e16387) with status code 201
2022-10-04 10:42:26,953 - basicLogger - INFO - Received event PH level request with a unique id of 159ec594-350d-47eb-bfe5-662ca1fb0e91
2022-10-04 10:42:27,010 - basicLogger - INFO - Returned event PH level response (Id: d31e958f-5da3-4e54-a4b8-8900c1a1d26f) with status code 201
2022-10-04 10:42:27,017 - basicLogger - INFO - Received event Chlorine level request with a unique id of a2a5dec1-bec8-4400-b211-817459c473e3
2022-10-04 10:42:27,448 - basicLogger - INFO - Returned event chlorine level response (Id: 21ae0628-4460-4d88-b487-e543125a21d7) with status code 201
2022-10-04 10:42:27,448 - basicLogger - INFO - Received event PH level request with a unique id of 3f7cf84b-27c6-4751-8d72-73cd46ad35d7
2022-10-04 10:42:27,514 - basicLogger - INFO - Returned event PH level response (Id: c8424413-f92b-455d-8541-33dd6fcfdbf4) with status code 201
2022-10-04 10:42:27,519 - basicLogger - INFO - Received event Chlorine level request with a unique id of 9de0a230-d986-4c08-aba2-90c9632ed4ce
2022-10-04 10:42:27,538 - basicLogger - INFO - Returned event chlorine level response (Id: 580d9970-dfe3-44ef-aa54-5d82c82b0b4e) with status code 201
2022-10-04 10:42:27,546 - basicLogger - INFO - Received event PH level request with a unique id of 14f1ad78-fd10-4080-b71a-d91670e459c8
2022-10-04 10:42:28,020 - basicLogger - INFO - Returned event PH level response (Id: fe556cf4-af9e-4ca9-a90d-0ff95d4f6d1b) with status code 201
2022-10-04 10:42:28,023 - basicLogger - INFO - Returned event chlorine level response (Id: b2c81f2f-4c63-4e4e-bea6-6e26571d5262) with status code 201
2022-10-04 10:42:28,026 - basicLogger - INFO - Received event Chlorine level request with a unique id of 2ad35638-3620-4779-ac8b-2475c266780e
2022-10-04 10:42:28,026 - basicLogger - INFO - Received event PH level request with a unique id of cf4fa758-68cc-482a-a550-a0499958d5cd
2022-10-04 10:42:28,127 - basicLogger - INFO - Returned event chlorine level response (Id: ec9dfdad-ca49-4fbf-96d9-e1d1a6b36f7c) with status code 201
2022-10-04 10:42:28,133 - basicLogger - INFO - Received event PH level request with a unique id of 878d276e-70dd-43b8-a313-16f5e13e4322
2022-10-04 10:42:28,558 - basicLogger - INFO - Returned event chlorine level response (Id: 6871b9df-c2c6-4c55-8231-72f0a8f095ee) with status code 201
2022-10-04 10:42:28,558 - basicLogger - INFO - Returned event PH level response (Id: 574e8054-6ab7-4197-9ed3-8f7c6d2b9c86) with status code 201
2022-10-04 10:42:28,572 - basicLogger - INFO - Received event PH level request with a unique id of bb68d022-7694-4cd7-b70a-49426a86c2cc
2022-10-04 10:42:28,572 - basicLogger - INFO - Received event Chlorine level request with a unique id of 62c4ee23-891a-47f8-93c6-1071094f4b2a
2022-10-04 10:42:29,023 - basicLogger - INFO - Returned event PH level response (Id: 159ec594-350d-47eb-bfe5-662ca1fb0e91) with status code 201
2022-10-04 10:42:29,027 - basicLogger - INFO - Received event Chlorine level request with a unique id of 742d6e63-0927-4397-9576-f0110c548cdc
2022-10-04 10:42:29,066 - basicLogger - INFO - Returned event chlorine level response (Id: a2a5dec1-bec8-4400-b211-817459c473e3) with status code 201
2022-10-04 10:42:29,072 - basicLogger - INFO - Received event PH level request with a unique id of b07efb98-18ea-4884-a6dc-0a8fcdc11f96
2022-10-04 10:42:29,496 - basicLogger - INFO - Returned event PH level response (Id: 3f7cf84b-27c6-4751-8d72-73cd46ad35d7) with status code 201
2022-10-04 10:42:29,501 - basicLogger - INFO - Received event Chlorine level request with a unique id of a75ba186-9dc6-41b0-840a-f30290a11d15
2022-10-04 10:42:29,581 - basicLogger - INFO - Returned event chlorine level response (Id: 9de0a230-d986-4c08-aba2-90c9632ed4ce) with status code 201
2022-10-04 10:42:29,589 - basicLogger - INFO - Received event PH level request with a unique id of 5d1003b7-ecaa-49ef-9ba7-e95ffb825927
2022-10-04 10:42:29,593 - basicLogger - INFO - Returned event PH level response (Id: 14f1ad78-fd10-4080-b71a-d91670e459c8) with status code 201
2022-10-04 10:42:29,594 - basicLogger - INFO - Received event Chlorine level request with a unique id of 371e3d4f-be97-4c6c-8b48-9931fa24a454
2022-10-04 10:42:30,081 - basicLogger - INFO - Returned event chlorine level response (Id: 2ad35638-3620-4779-ac8b-2475c266780e) with status code 201
2022-10-04 10:42:30,083 - basicLogger - INFO - Returned event PH level response (Id: cf4fa758-68cc-482a-a550-a0499958d5cd) with status code 201
2022-10-04 10:42:30,090 - basicLogger - INFO - Received event PH level request with a unique id of 7445efa9-aa04-4e05-87a2-38dbcee9c7bf
2022-10-04 10:42:30,091 - basicLogger - INFO - Received event Chlorine level request with a unique id of 4ac7c748-8b07-417d-9b03-dda1f0b366b5
2022-10-04 10:42:30,189 - basicLogger - INFO - Returned event PH level response (Id: 878d276e-70dd-43b8-a313-16f5e13e4322) with status code 201
2022-10-04 10:42:30,198 - basicLogger - INFO - Received event Chlorine level request with a unique id of b45ae296-928a-40de-8e84-15c081da06c8
2022-10-04 10:42:30,624 - basicLogger - INFO - Returned event chlorine level response (Id: 62c4ee23-891a-47f8-93c6-1071094f4b2a) with status code 201
2022-10-04 10:42:30,624 - basicLogger - INFO - Returned event PH level response (Id: bb68d022-7694-4cd7-b70a-49426a86c2cc) with status code 201
2022-10-04 10:42:30,635 - basicLogger - INFO - Received event Chlorine level request with a unique id of 85641366-d3bd-48ff-9a21-056c11b885a0
2022-10-04 10:42:30,638 - basicLogger - INFO - Received event PH level request with a unique id of 1b013397-bdc6-43de-8c88-a4082e803ae1
2022-10-04 10:42:31,079 - basicLogger - INFO - Returned event chlorine level response (Id: 742d6e63-0927-4397-9576-f0110c548cdc) with status code 201
2022-10-04 10:42:31,089 - basicLogger - INFO - Received event PH level request with a unique id of 2b37e68c-cd0f-4420-b9e0-0a13f74a1f5c
2022-10-04 10:42:31,104 - basicLogger - INFO - Returned event PH level response (Id: b07efb98-18ea-4884-a6dc-0a8fcdc11f96) with status code 201
2022-10-04 10:42:31,113 - basicLogger - INFO - Received event Chlorine level request with a unique id of 7451032b-d515-4e1d-a7c5-179ce19e74df
2022-10-04 10:42:31,540 - basicLogger - INFO - Returned event chlorine level response (Id: a75ba186-9dc6-41b0-840a-f30290a11d15) with status code 201
2022-10-04 10:42:31,545 - basicLogger - INFO - Received event PH level request with a unique id of 57d8057c-f13d-4281-a514-be4ed870329a
2022-10-04 10:42:31,640 - basicLogger - INFO - Returned event PH level response (Id: 5d1003b7-ecaa-49ef-9ba7-e95ffb825927) with status code 201
2022-10-04 10:42:31,645 - basicLogger - INFO - Received event Chlorine level request with a unique id of d8369d0f-997b-445d-b276-2c471229b690
2022-10-04 10:42:31,661 - basicLogger - INFO - Returned event chlorine level response (Id: 371e3d4f-be97-4c6c-8b48-9931fa24a454) with status code 201
2022-10-04 10:42:31,671 - basicLogger - INFO - Received event PH level request with a unique id of dc1134a3-baf0-4324-81d1-305d184540fc
2022-10-04 10:42:32,155 - basicLogger - INFO - Returned event PH level response (Id: 7445efa9-aa04-4e05-87a2-38dbcee9c7bf) with status code 201
2022-10-04 10:42:32,155 - basicLogger - INFO - Returned event chlorine level response (Id: 4ac7c748-8b07-417d-9b03-dda1f0b366b5) with status code 201
2022-10-04 10:42:32,161 - basicLogger - INFO - Received event Chlorine level request with a unique id of ad6e4c69-28b2-46fa-91c4-0e3333db8a73
2022-10-04 10:42:32,167 - basicLogger - INFO - Received event PH level request with a unique id of ef149e25-082d-41de-a4d2-456720f089cb
2022-10-04 10:42:32,247 - basicLogger - INFO - Returned event chlorine level response (Id: b45ae296-928a-40de-8e84-15c081da06c8) with status code 201
2022-10-04 10:42:32,249 - basicLogger - INFO - Received event PH level request with a unique id of a3622ad8-721d-4775-aa13-26a19c2d61d4
2022-10-04 10:42:32,672 - basicLogger - INFO - Returned event PH level response (Id: 1b013397-bdc6-43de-8c88-a4082e803ae1) with status code 201
2022-10-04 10:42:32,672 - basicLogger - INFO - Returned event chlorine level response (Id: 85641366-d3bd-48ff-9a21-056c11b885a0) with status code 201
2022-10-04 10:42:32,681 - basicLogger - INFO - Received event Chlorine level request with a unique id of 8ef1753a-bb3e-42bc-a282-d67353b81205
2022-10-04 10:42:32,681 - basicLogger - INFO - Received event PH level request with a unique id of e590d2ab-4333-42bc-84cd-97df87fbdc82
2022-10-04 10:42:33,121 - basicLogger - INFO - Returned event PH level response (Id: 2b37e68c-cd0f-4420-b9e0-0a13f74a1f5c) with status code 201
2022-10-04 10:42:33,130 - basicLogger - INFO - Received event Chlorine level request with a unique id of aa1a4c4a-7c7b-4240-a044-d78dec38b993
2022-10-04 10:42:33,166 - basicLogger - INFO - Returned event chlorine level response (Id: 7451032b-d515-4e1d-a7c5-179ce19e74df) with status code 201
2022-10-04 10:42:33,177 - basicLogger - INFO - Received event PH level request with a unique id of 6e1d48af-4783-4f9b-8e04-a409ec93e43b
2022-10-04 10:42:33,591 - basicLogger - INFO - Returned event PH level response (Id: 57d8057c-f13d-4281-a514-be4ed870329a) with status code 201
2022-10-04 10:42:33,599 - basicLogger - INFO - Received event Chlorine level request with a unique id of 16d6a5e7-a7d7-466c-a54b-f401770656d6
2022-10-04 10:42:33,683 - basicLogger - INFO - Returned event chlorine level response (Id: d8369d0f-997b-445d-b276-2c471229b690) with status code 201
2022-10-04 10:42:33,693 - basicLogger - INFO - Received event PH level request with a unique id of f3fd8905-7a4a-4210-be9e-4812e292dc16
2022-10-04 10:42:33,729 - basicLogger - INFO - Returned event PH level response (Id: dc1134a3-baf0-4324-81d1-305d184540fc) with status code 201
2022-10-04 10:42:33,734 - basicLogger - INFO - Received event Chlorine level request with a unique id of 7f23f84e-7666-4c65-90cc-08329e0beb4a
2022-10-04 10:42:34,221 - basicLogger - INFO - Returned event chlorine level response (Id: ad6e4c69-28b2-46fa-91c4-0e3333db8a73) with status code 201
2022-10-04 10:42:34,221 - basicLogger - INFO - Returned event PH level response (Id: ef149e25-082d-41de-a4d2-456720f089cb) with status code 201
2022-10-04 10:42:34,231 - basicLogger - INFO - Received event PH level request with a unique id of d66d69c9-4077-4a2a-ba11-3fbe7bf9d24a
2022-10-04 10:42:34,231 - basicLogger - INFO - Received event Chlorine level request with a unique id of b3e7dea7-2c93-4771-9180-d04ebab11d2b
2022-10-04 10:42:34,308 - basicLogger - INFO - Returned event PH level response (Id: a3622ad8-721d-4775-aa13-26a19c2d61d4) with status code 201
2022-10-04 10:42:34,308 - basicLogger - INFO - Received event Chlorine level request with a unique id of bd955bee-269d-4975-8989-6a1954775f4f
2022-10-04 10:42:34,750 - basicLogger - INFO - Returned event PH level response (Id: e590d2ab-4333-42bc-84cd-97df87fbdc82) with status code 201
2022-10-04 10:42:34,750 - basicLogger - INFO - Returned event chlorine level response (Id: 8ef1753a-bb3e-42bc-a282-d67353b81205) with status code 201
2022-10-04 10:42:34,756 - basicLogger - INFO - Received event Chlorine level request with a unique id of 5098f6e1-53d7-4bd5-ab81-9f60a47f9c1a
2022-10-04 10:42:34,756 - basicLogger - INFO - Received event PH level request with a unique id of 7f664583-87c7-43bc-a4e2-a4e9620930cb
2022-10-04 10:42:35,179 - basicLogger - INFO - Returned event chlorine level response (Id: aa1a4c4a-7c7b-4240-a044-d78dec38b993) with status code 201
2022-10-04 10:42:35,183 - basicLogger - INFO - Received event PH level request with a unique id of 844665bc-896a-4b22-b48f-a3f8d1f2f425
2022-10-04 10:42:35,218 - basicLogger - INFO - Returned event PH level response (Id: 6e1d48af-4783-4f9b-8e04-a409ec93e43b) with status code 201
2022-10-04 10:42:35,221 - basicLogger - INFO - Received event Chlorine level request with a unique id of 2548bb61-6c59-4991-8ce4-b510289f3025
2022-10-04 10:42:35,639 - basicLogger - INFO - Returned event chlorine level response (Id: 16d6a5e7-a7d7-466c-a54b-f401770656d6) with status code 201
2022-10-04 10:42:35,644 - basicLogger - INFO - Received event PH level request with a unique id of 0e9850b9-b118-406f-bb21-eb7ea7c2fd18
2022-10-04 10:42:35,744 - basicLogger - INFO - Returned event PH level response (Id: f3fd8905-7a4a-4210-be9e-4812e292dc16) with status code 201
2022-10-04 10:42:35,744 - basicLogger - INFO - Received event Chlorine level request with a unique id of 137067c0-2bda-4558-a825-b21c04482473
2022-10-04 10:42:35,769 - basicLogger - INFO - Returned event chlorine level response (Id: 7f23f84e-7666-4c65-90cc-08329e0beb4a) with status code 201
2022-10-04 10:42:35,779 - basicLogger - INFO - Received event PH level request with a unique id of b057b18a-5b81-4b70-a624-7872f44b262f
2022-10-04 10:42:36,292 - basicLogger - INFO - Returned event chlorine level response (Id: b3e7dea7-2c93-4771-9180-d04ebab11d2b) with status code 201
2022-10-04 10:42:36,292 - basicLogger - INFO - Returned event PH level response (Id: d66d69c9-4077-4a2a-ba11-3fbe7bf9d24a) with status code 201
2022-10-04 10:42:36,298 - basicLogger - INFO - Received event PH level request with a unique id of 271a004e-e1e5-4449-8a5a-5f4d22374daf
2022-10-04 10:42:36,298 - basicLogger - INFO - Received event Chlorine level request with a unique id of f7f6d468-fd3e-4ebf-8a66-7a920c83528c
2022-10-04 10:42:36,344 - basicLogger - INFO - Returned event chlorine level response (Id: bd955bee-269d-4975-8989-6a1954775f4f) with status code 201
2022-10-04 10:42:36,353 - basicLogger - INFO - Received event PH level request with a unique id of f6d57a9f-4f33-4afc-a5c4-6096f700c91d
2022-10-04 10:42:36,797 - basicLogger - INFO - Returned event PH level response (Id: 7f664583-87c7-43bc-a4e2-a4e9620930cb) with status code 201
2022-10-04 10:42:36,797 - basicLogger - INFO - Returned event chlorine level response (Id: 5098f6e1-53d7-4bd5-ab81-9f60a47f9c1a) with status code 201
2022-10-04 10:42:36,805 - basicLogger - INFO - Received event Chlorine level request with a unique id of 60b535cd-3890-42c6-85d7-c3a08e23d2e8
2022-10-04 10:42:36,805 - basicLogger - INFO - Received event PH level request with a unique id of 0708b2e6-d03a-4132-a317-5700ccb4bd27
2022-10-04 10:42:37,242 - basicLogger - INFO - Returned event PH level response (Id: 844665bc-896a-4b22-b48f-a3f8d1f2f425) with status code 201
2022-10-04 10:42:37,251 - basicLogger - INFO - Received event Chlorine level request with a unique id of affc159f-0d01-4eb1-ada9-75f344a5e620
2022-10-04 10:42:37,264 - basicLogger - INFO - Returned event chlorine level response (Id: 2548bb61-6c59-4991-8ce4-b510289f3025) with status code 201
2022-10-04 10:42:37,276 - basicLogger - INFO - Received event PH level request with a unique id of 9dcd7d94-937a-4a1e-810b-f709c47eb1b8
2022-10-04 10:42:37,684 - basicLogger - INFO - Returned event PH level response (Id: 0e9850b9-b118-406f-bb21-eb7ea7c2fd18) with status code 201
2022-10-04 10:42:37,693 - basicLogger - INFO - Received event Chlorine level request with a unique id of 5e705539-2914-481b-8ddc-2802feb54dbc
2022-10-04 10:42:37,789 - basicLogger - INFO - Returned event chlorine level response (Id: 137067c0-2bda-4558-a825-b21c04482473) with status code 201
2022-10-04 10:42:37,794 - basicLogger - INFO - Received event PH level request with a unique id of 7964183f-bc38-485b-b338-33471d25769e
2022-10-04 10:42:37,819 - basicLogger - INFO - Returned event PH level response (Id: b057b18a-5b81-4b70-a624-7872f44b262f) with status code 201
2022-10-04 10:42:37,832 - basicLogger - INFO - Received event Chlorine level request with a unique id of 1c23b617-a23b-4369-a155-71be69398b98
2022-10-04 10:42:38,327 - basicLogger - INFO - Returned event PH level response (Id: 271a004e-e1e5-4449-8a5a-5f4d22374daf) with status code 201
2022-10-04 10:42:38,330 - basicLogger - INFO - Returned event chlorine level response (Id: f7f6d468-fd3e-4ebf-8a66-7a920c83528c) with status code 201
2022-10-04 10:42:38,330 - basicLogger - INFO - Received event Chlorine level request with a unique id of c6412661-cb4e-40e3-a9df-26b199f9d966
2022-10-04 10:42:38,330 - basicLogger - INFO - Received event PH level request with a unique id of e7cdada7-40c1-440f-9c2f-4aa3ff6c18d8
2022-10-04 10:42:38,422 - basicLogger - INFO - Returned event PH level response (Id: f6d57a9f-4f33-4afc-a5c4-6096f700c91d) with status code 201
2022-10-04 10:42:38,455 - basicLogger - INFO - Received event Chlorine level request with a unique id of 76b806e1-4381-46a4-878c-54b9b28d2559
2022-10-04 10:42:38,872 - basicLogger - INFO - Returned event chlorine level response (Id: 60b535cd-3890-42c6-85d7-c3a08e23d2e8) with status code 201
2022-10-04 10:42:38,874 - basicLogger - INFO - Returned event PH level response (Id: 0708b2e6-d03a-4132-a317-5700ccb4bd27) with status code 201
2022-10-04 10:42:38,879 - basicLogger - INFO - Received event PH level request with a unique id of a61e9fea-8fa7-4dfc-8202-b024846f8a78
2022-10-04 10:42:38,880 - basicLogger - INFO - Received event Chlorine level request with a unique id of 74d9bb47-3c85-43b0-bab1-6ac730c458d2
2022-10-04 10:42:39,288 - basicLogger - INFO - Returned event chlorine level response (Id: affc159f-0d01-4eb1-ada9-75f344a5e620) with status code 201
2022-10-04 10:42:39,288 - basicLogger - INFO - Received event PH level request with a unique id of bbb2e169-7d7d-47a9-bded-7c76c549d181
2022-10-04 10:42:39,316 - basicLogger - INFO - Returned event PH level response (Id: 9dcd7d94-937a-4a1e-810b-f709c47eb1b8) with status code 201
2022-10-04 10:42:39,323 - basicLogger - INFO - Received event Chlorine level request with a unique id of 40c165e4-6e32-4bb1-9bd0-3bf3e21e9118
2022-10-04 10:42:39,725 - basicLogger - INFO - Returned event chlorine level response (Id: 5e705539-2914-481b-8ddc-2802feb54dbc) with status code 201
2022-10-04 10:42:39,733 - basicLogger - INFO - Received event PH level request with a unique id of 2f8d4019-770a-454d-8055-d8259e2472f3
2022-10-04 10:42:39,848 - basicLogger - INFO - Returned event PH level response (Id: 7964183f-bc38-485b-b338-33471d25769e) with status code 201
2022-10-04 10:42:39,855 - basicLogger - INFO - Received event Chlorine level request with a unique id of d717c684-a2d9-4918-b915-0d3016e09e87
2022-10-04 10:42:39,874 - basicLogger - INFO - Returned event chlorine level response (Id: 1c23b617-a23b-4369-a155-71be69398b98) with status code 201
2022-10-04 10:42:39,874 - basicLogger - INFO - Received event PH level request with a unique id of 7e13711e-66cf-42a6-84aa-f589d6b5e878
2022-10-04 10:42:40,385 - basicLogger - INFO - Returned event PH level response (Id: e7cdada7-40c1-440f-9c2f-4aa3ff6c18d8) with status code 201
2022-10-04 10:42:40,390 - basicLogger - INFO - Returned event chlorine level response (Id: c6412661-cb4e-40e3-a9df-26b199f9d966) with status code 201
2022-10-04 10:42:40,394 - basicLogger - INFO - Received event Chlorine level request with a unique id of 937877e3-1b37-4f74-b431-e5ed40a54106
2022-10-04 10:42:40,398 - basicLogger - INFO - Received event PH level request with a unique id of 227ca1b8-da61-4a62-8c29-6127769c48ed
2022-10-04 10:42:40,506 - basicLogger - INFO - Returned event chlorine level response (Id: 76b806e1-4381-46a4-878c-54b9b28d2559) with status code 201
2022-10-04 10:42:40,512 - basicLogger - INFO - Received event PH level request with a unique id of 8d598bea-0307-4599-b30a-4d1deb6c6bbc
2022-10-04 10:42:40,930 - basicLogger - INFO - Returned event PH level response (Id: a61e9fea-8fa7-4dfc-8202-b024846f8a78) with status code 201
2022-10-04 10:42:40,930 - basicLogger - INFO - Returned event chlorine level response (Id: 74d9bb47-3c85-43b0-bab1-6ac730c458d2) with status code 201
2022-10-04 10:42:40,941 - basicLogger - INFO - Received event Chlorine level request with a unique id of be9c2efb-85f0-4e7a-82b6-113c0f43dde5
2022-10-04 10:42:40,972 - basicLogger - INFO - Received event PH level request with a unique id of 848a30ae-e2bb-4fd9-9be0-3f034b86aeb1
2022-10-04 10:42:41,340 - basicLogger - INFO - Returned event PH level response (Id: bbb2e169-7d7d-47a9-bded-7c76c549d181) with status code 201
2022-10-04 10:42:41,351 - basicLogger - INFO - Received event Chlorine level request with a unique id of a5c3b9be-6caf-43ed-a93c-5ab48420de4e
2022-10-04 10:42:41,364 - basicLogger - INFO - Returned event chlorine level response (Id: 40c165e4-6e32-4bb1-9bd0-3bf3e21e9118) with status code 201
2022-10-04 10:42:41,369 - basicLogger - INFO - Received event PH level request with a unique id of 5fc5867e-b314-4531-90c9-bb1d4740bfab
2022-10-04 10:42:41,778 - basicLogger - INFO - Returned event PH level response (Id: 2f8d4019-770a-454d-8055-d8259e2472f3) with status code 201
2022-10-04 10:42:41,790 - basicLogger - INFO - Received event Chlorine level request with a unique id of dcba79b1-6599-41de-85d2-c9becd5cafce
2022-10-04 10:42:41,906 - basicLogger - INFO - Returned event chlorine level response (Id: d717c684-a2d9-4918-b915-0d3016e09e87) with status code 201
2022-10-04 10:42:41,910 - basicLogger - INFO - Received event PH level request with a unique id of 4480dc0c-5a5f-40a3-a9d3-d86752942951
2022-10-04 10:42:41,944 - basicLogger - INFO - Returned event PH level response (Id: 7e13711e-66cf-42a6-84aa-f589d6b5e878) with status code 201
2022-10-04 10:42:41,991 - basicLogger - INFO - Received event Chlorine level request with a unique id of ec336f17-eef4-495b-a329-d5f6bfa3b517
2022-10-04 10:42:42,445 - basicLogger - INFO - Returned event PH level response (Id: 227ca1b8-da61-4a62-8c29-6127769c48ed) with status code 201
2022-10-04 10:42:42,451 - basicLogger - INFO - Returned event chlorine level response (Id: 937877e3-1b37-4f74-b431-e5ed40a54106) with status code 201
2022-10-04 10:42:42,480 - basicLogger - INFO - Received event PH level request with a unique id of 371ed897-3766-4393-82f2-bc5fd54e4898
2022-10-04 10:42:42,490 - basicLogger - INFO - Received event Chlorine level request with a unique id of 9cfc2fef-9845-432c-8093-0a8ebb31523d
2022-10-04 10:42:42,561 - basicLogger - INFO - Returned event PH level response (Id: 8d598bea-0307-4599-b30a-4d1deb6c6bbc) with status code 201
2022-10-04 10:42:42,571 - basicLogger - INFO - Received event Chlorine level request with a unique id of 29f351ce-f076-4d0d-9fc5-d06af71cad11
2022-10-04 10:42:42,992 - basicLogger - INFO - Returned event chlorine level response (Id: be9c2efb-85f0-4e7a-82b6-113c0f43dde5) with status code 201
2022-10-04 10:42:43,012 - basicLogger - INFO - Received event PH level request with a unique id of 8f868364-2ca7-4169-9aae-de077c9bb311
2022-10-04 10:42:43,035 - basicLogger - INFO - Returned event PH level response (Id: 848a30ae-e2bb-4fd9-9be0-3f034b86aeb1) with status code 201
2022-10-04 10:42:43,040 - basicLogger - INFO - Received event Chlorine level request with a unique id of f60149d7-d85c-4ccc-9f12-acddedf8ab88
2022-10-04 10:42:43,386 - basicLogger - INFO - Returned event chlorine level response (Id: a5c3b9be-6caf-43ed-a93c-5ab48420de4e) with status code 201
2022-10-04 10:42:43,388 - basicLogger - INFO - Received event PH level request with a unique id of bc1ea990-eb80-47aa-a7d6-81d332126c80
2022-10-04 10:42:43,412 - basicLogger - INFO - Returned event PH level response (Id: 5fc5867e-b314-4531-90c9-bb1d4740bfab) with status code 201
2022-10-04 10:42:43,415 - basicLogger - INFO - Received event Chlorine level request with a unique id of 20de1a11-f45e-4568-a86b-43bb1aced9ee
2022-10-04 10:42:43,835 - basicLogger - INFO - Returned event chlorine level response (Id: dcba79b1-6599-41de-85d2-c9becd5cafce) with status code 201
2022-10-04 10:42:43,840 - basicLogger - INFO - Received event PH level request with a unique id of 44f003c0-14df-4ff0-a044-3b0c1d35d32f
2022-10-04 10:42:43,952 - basicLogger - INFO - Returned event PH level response (Id: 4480dc0c-5a5f-40a3-a9d3-d86752942951) with status code 201
2022-10-04 10:42:43,958 - basicLogger - INFO - Received event Chlorine level request with a unique id of b817742e-66b1-4cea-bb17-1b4b78d1a832
2022-10-04 10:42:44,043 - basicLogger - INFO - Returned event chlorine level response (Id: ec336f17-eef4-495b-a329-d5f6bfa3b517) with status code 201
2022-10-04 10:42:44,046 - basicLogger - INFO - Received event PH level request with a unique id of d74fe99d-f599-47eb-8353-32c25d3c716c
2022-10-04 10:42:44,548 - basicLogger - INFO - Returned event chlorine level response (Id: 9cfc2fef-9845-432c-8093-0a8ebb31523d) with status code 201
2022-10-04 10:42:44,555 - basicLogger - INFO - Returned event PH level response (Id: 371ed897-3766-4393-82f2-bc5fd54e4898) with status code 201
2022-10-04 10:42:44,555 - basicLogger - INFO - Received event PH level request with a unique id of eab054af-5357-4e4a-afe2-c90790a65068
2022-10-04 10:42:44,562 - basicLogger - INFO - Received event Chlorine level request with a unique id of 4ec8803b-e5cc-42a6-90ec-14fb10843575
2022-10-04 10:42:44,602 - basicLogger - INFO - Returned event chlorine level response (Id: 29f351ce-f076-4d0d-9fc5-d06af71cad11) with status code 201
2022-10-04 10:42:44,606 - basicLogger - INFO - Received event PH level request with a unique id of 4d6fea54-8a74-406d-9de8-dad36cb59490
2022-10-04 10:42:45,055 - basicLogger - INFO - Returned event PH level response (Id: 8f868364-2ca7-4169-9aae-de077c9bb311) with status code 201
2022-10-04 10:42:45,068 - basicLogger - INFO - Received event Chlorine level request with a unique id of 43bde30a-1e8d-48e1-af98-5118c4c3021d
2022-10-04 10:42:45,089 - basicLogger - INFO - Returned event chlorine level response (Id: f60149d7-d85c-4ccc-9f12-acddedf8ab88) with status code 201
2022-10-04 10:42:45,092 - basicLogger - INFO - Received event PH level request with a unique id of d33ea2c0-bdb5-442c-9925-8e03ab8a1b11
2022-10-04 10:42:45,439 - basicLogger - INFO - Returned event PH level response (Id: bc1ea990-eb80-47aa-a7d6-81d332126c80) with status code 201
2022-10-04 10:42:45,446 - basicLogger - INFO - Received event Chlorine level request with a unique id of af931921-009c-43b3-96fc-f9331494ff29
2022-10-04 10:42:45,450 - basicLogger - INFO - Returned event chlorine level response (Id: 20de1a11-f45e-4568-a86b-43bb1aced9ee) with status code 201
2022-10-04 10:42:45,456 - basicLogger - INFO - Received event PH level request with a unique id of b65e6a95-5458-449f-9ce2-9e83c59c9285
2022-10-04 10:42:45,875 - basicLogger - INFO - Returned event PH level response (Id: 44f003c0-14df-4ff0-a044-3b0c1d35d32f) with status code 201
2022-10-04 10:42:45,880 - basicLogger - INFO - Received event Chlorine level request with a unique id of 80de9926-9594-4799-9349-f9ec938478ec
2022-10-04 10:42:46,031 - basicLogger - INFO - Returned event chlorine level response (Id: b817742e-66b1-4cea-bb17-1b4b78d1a832) with status code 201
2022-10-04 10:42:46,053 - basicLogger - INFO - Received event PH level request with a unique id of e4b11dec-09f6-4792-ace3-711a4f0d5546
2022-10-04 10:42:46,107 - basicLogger - INFO - Returned event PH level response (Id: d74fe99d-f599-47eb-8353-32c25d3c716c) with status code 201
2022-10-04 10:42:46,107 - basicLogger - INFO - Received event Chlorine level request with a unique id of e8ae774e-5a8d-4997-b170-e84b48ebccf8
2022-10-04 10:42:46,613 - basicLogger - INFO - Returned event chlorine level response (Id: 4ec8803b-e5cc-42a6-90ec-14fb10843575) with status code 201
2022-10-04 10:42:46,613 - basicLogger - INFO - Returned event PH level response (Id: eab054af-5357-4e4a-afe2-c90790a65068) with status code 201
2022-10-04 10:42:46,622 - basicLogger - INFO - Received event PH level request with a unique id of 8ebf051a-acd1-48b9-9eb6-65705a75112f
2022-10-04 10:42:46,624 - basicLogger - INFO - Received event Chlorine level request with a unique id of 20c7b7da-a115-48b5-8430-15e3dfbe8e99
2022-10-04 10:42:46,656 - basicLogger - INFO - Returned event PH level response (Id: 4d6fea54-8a74-406d-9de8-dad36cb59490) with status code 201
2022-10-04 10:42:46,661 - basicLogger - INFO - Received event Chlorine level request with a unique id of ced1a76f-7e7a-4096-b61b-dca00468901f
2022-10-04 10:42:47,121 - basicLogger - INFO - Returned event chlorine level response (Id: 43bde30a-1e8d-48e1-af98-5118c4c3021d) with status code 201
2022-10-04 10:42:47,121 - basicLogger - INFO - Received event PH level request with a unique id of d9b5f87b-66d8-4530-aa79-a44f7e6268b0
2022-10-04 10:42:47,138 - basicLogger - INFO - Returned event PH level response (Id: d33ea2c0-bdb5-442c-9925-8e03ab8a1b11) with status code 201
2022-10-04 10:42:47,147 - basicLogger - INFO - Received event Chlorine level request with a unique id of 0336388a-bac7-4844-9188-b3649b540174
2022-10-04 10:42:47,489 - basicLogger - INFO - Returned event PH level response (Id: b65e6a95-5458-449f-9ce2-9e83c59c9285) with status code 201
2022-10-04 10:42:47,489 - basicLogger - INFO - Returned event chlorine level response (Id: af931921-009c-43b3-96fc-f9331494ff29) with status code 201
2022-10-04 10:42:47,497 - basicLogger - INFO - Received event Chlorine level request with a unique id of aff3a1de-3286-4042-b76a-6ad84e600bee
2022-10-04 10:42:47,502 - basicLogger - INFO - Received event PH level request with a unique id of 7c0a9fad-6919-4db8-a161-73186d577f6d
2022-10-04 10:42:47,940 - basicLogger - INFO - Returned event chlorine level response (Id: 80de9926-9594-4799-9349-f9ec938478ec) with status code 201
2022-10-04 10:42:47,947 - basicLogger - INFO - Received event PH level request with a unique id of 01bcad66-5b69-44a8-9fec-0414d7b768eb
2022-10-04 10:42:48,096 - basicLogger - INFO - Returned event PH level response (Id: e4b11dec-09f6-4792-ace3-711a4f0d5546) with status code 201
2022-10-04 10:42:48,096 - basicLogger - INFO - Received event Chlorine level request with a unique id of b54b9c8e-78fc-4661-8867-25aae7cf0f26
2022-10-04 10:42:48,155 - basicLogger - INFO - Returned event chlorine level response (Id: e8ae774e-5a8d-4997-b170-e84b48ebccf8) with status code 201
2022-10-04 10:42:48,693 - basicLogger - INFO - Returned event chlorine level response (Id: 20c7b7da-a115-48b5-8430-15e3dfbe8e99) with status code 201
2022-10-04 10:42:48,693 - basicLogger - INFO - Returned event PH level response (Id: 8ebf051a-acd1-48b9-9eb6-65705a75112f) with status code 201
2022-10-04 10:42:48,705 - basicLogger - INFO - Received event PH level request with a unique id of 8b604528-7696-4b45-91a8-21ad4a13e9c4
2022-10-04 10:42:48,705 - basicLogger - INFO - Received event Chlorine level request with a unique id of 493ec3bd-5174-49f8-890c-76d4897386cc
2022-10-04 10:42:48,713 - basicLogger - INFO - Returned event chlorine level response (Id: ced1a76f-7e7a-4096-b61b-dca00468901f) with status code 201
2022-10-04 10:42:49,190 - basicLogger - INFO - Returned event chlorine level response (Id: 0336388a-bac7-4844-9188-b3649b540174) with status code 201
2022-10-04 10:42:49,190 - basicLogger - INFO - Returned event PH level response (Id: d9b5f87b-66d8-4530-aa79-a44f7e6268b0) with status code 201
2022-10-04 10:42:49,205 - basicLogger - INFO - Received event Chlorine level request with a unique id of 17790557-cb00-48fb-8e4c-13691d704162
2022-10-04 10:42:49,533 - basicLogger - INFO - Returned event PH level response (Id: 7c0a9fad-6919-4db8-a161-73186d577f6d) with status code 201
2022-10-04 10:42:49,538 - basicLogger - INFO - Returned event chlorine level response (Id: aff3a1de-3286-4042-b76a-6ad84e600bee) with status code 201
2022-10-04 10:42:49,538 - basicLogger - INFO - Received event Chlorine level request with a unique id of 3a59b20c-51ec-403c-b879-8c8c2d87cee3
2022-10-04 10:42:50,005 - basicLogger - INFO - Returned event PH level response (Id: 01bcad66-5b69-44a8-9fec-0414d7b768eb) with status code 201
2022-10-04 10:42:50,010 - basicLogger - INFO - Received event Chlorine level request with a unique id of b288e071-a5f2-4220-9e45-d9e19a5670bf
2022-10-04 10:42:50,149 - basicLogger - INFO - Returned event chlorine level response (Id: b54b9c8e-78fc-4661-8867-25aae7cf0f26) with status code 201
2022-10-04 10:42:50,771 - basicLogger - INFO - Returned event PH level response (Id: 8b604528-7696-4b45-91a8-21ad4a13e9c4) with status code 201
2022-10-04 10:42:50,775 - basicLogger - INFO - Returned event chlorine level response (Id: 493ec3bd-5174-49f8-890c-76d4897386cc) with status code 201
2022-10-04 10:42:50,778 - basicLogger - INFO - Received event Chlorine level request with a unique id of 7a4dd86e-ddc4-4680-9ba3-2cf7f1029521
2022-10-04 10:42:51,257 - basicLogger - INFO - Returned event chlorine level response (Id: 17790557-cb00-48fb-8e4c-13691d704162) with status code 201
2022-10-04 10:42:51,594 - basicLogger - INFO - Returned event chlorine level response (Id: 3a59b20c-51ec-403c-b879-8c8c2d87cee3) with status code 201
2022-10-04 10:42:52,049 - basicLogger - INFO - Returned event chlorine level response (Id: b288e071-a5f2-4220-9e45-d9e19a5670bf) with status code 201
2022-10-04 10:42:52,819 - basicLogger - INFO - Returned event chlorine level response (Id: 7a4dd86e-ddc4-4680-9ba3-2cf7f1029521) with status code 201
2022-10-11 09:36:25,836 - basicLogger - INFO - Received event PH level request with a unique id of c63ad7ff-6236-40f8-81b7-bb7c80c0509d
2022-10-11 09:36:27,980 - basicLogger - INFO - Returned event PH level response (Id: c63ad7ff-6236-40f8-81b7-bb7c80c0509d) with status code 500
2022-10-11 09:37:31,789 - basicLogger - INFO - Received event PH level request with a unique id of f35c934f-adc8-4395-a117-9511d548a78f
2022-10-11 09:37:33,892 - basicLogger - INFO - Returned event PH level response (Id: f35c934f-adc8-4395-a117-9511d548a78f) with status code 201
2022-10-11 09:47:40,282 - basicLogger - INFO - Received event PH level request with a unique id of 936bfd5c-0264-42b6-a3b0-06b44b243497
2022-10-11 09:47:42,342 - basicLogger - INFO - Returned event PH level response (Id: 936bfd5c-0264-42b6-a3b0-06b44b243497) with status code 201
2022-10-24 10:38:41,686 - basicLogger - INFO - Received event Chlorine level request with a unique id of b2456207-bec1-4bae-b873-e0d3eda01e45
2022-10-24 10:38:43,966 - basicLogger - INFO - Returned event chlorine level response (Id: b2456207-bec1-4bae-b873-e0d3eda01e45) with status code 201
2022-10-24 10:39:08,839 - basicLogger - INFO - Received event Chlorine level request with a unique id of dd162512-84d7-4c29-8506-bf505e539934
2022-10-24 10:39:11,122 - basicLogger - INFO - Returned event chlorine level response (Id: dd162512-84d7-4c29-8506-bf505e539934) with status code 201
2022-10-24 10:56:47,815 - basicLogger - INFO - Received event Chlorine level request with a unique id of b59656d1-9fa1-4f63-a6a3-3f228b5eb3f0
2022-10-24 10:56:50,123 - basicLogger - INFO - Returned event chlorine level response (Id: b59656d1-9fa1-4f63-a6a3-3f228b5eb3f0) with status code 201
2022-10-24 11:53:18,157 - basicLogger - INFO - Received event Chlorine level request with a unique id of f4516826-cb38-4cb6-a471-315883688f33
2022-10-24 11:53:20,443 - basicLogger - INFO - Returned event chlorine level response (Id: f4516826-cb38-4cb6-a471-315883688f33) with status code 201
2022-10-24 11:54:34,838 - basicLogger - INFO - Received event Chlorine level request with a unique id of 3ea07cf7-49e5-4507-adc2-88be94b55f37
2022-10-24 11:54:37,232 - basicLogger - INFO - Returned event chlorine level response (Id: 3ea07cf7-49e5-4507-adc2-88be94b55f37) with status code 201
2022-10-24 11:56:57,812 - basicLogger - INFO - Received event Chlorine level request with a unique id of 4630e0d7-f259-42c2-93fb-303fe4fcfd0f
2022-10-24 11:57:00,414 - basicLogger - INFO - Returned event chlorine level response (Id: 4630e0d7-f259-42c2-93fb-303fe4fcfd0f) with status code 201
2022-10-24 12:02:09,603 - basicLogger - INFO - Received event Chlorine level request with a unique id of bc1da42e-2279-4df8-b129-ced6da8e7e53
2022-10-24 12:02:11,955 - basicLogger - INFO - Returned event chlorine level response (Id: bc1da42e-2279-4df8-b129-ced6da8e7e53) with status code 201
2022-10-24 12:04:42,877 - basicLogger - INFO - Received event Chlorine level request with a unique id of 53bdbbc3-10c1-4a71-bff3-721d21309fa8
2022-10-24 12:04:45,269 - basicLogger - INFO - Returned event chlorine level response (Id: 53bdbbc3-10c1-4a71-bff3-721d21309fa8) with status code 201
2022-10-24 12:20:29,421 - basicLogger - INFO - Received event Chlorine level request with a unique id of 835c4e7b-6a43-43ad-a2f6-145a055f556a
2022-10-24 12:20:32,012 - basicLogger - INFO - Returned event chlorine level response (Id: 835c4e7b-6a43-43ad-a2f6-145a055f556a) with status code 201
2022-10-24 12:21:45,247 - basicLogger - INFO - Received event Chlorine level request with a unique id of 500ee60d-2a5b-4715-a225-d4a2be207812
2022-10-24 12:21:47,720 - basicLogger - INFO - Returned event chlorine level response (Id: 500ee60d-2a5b-4715-a225-d4a2be207812) with status code 201
2022-10-24 12:50:14,735 - basicLogger - INFO - Received event Chlorine level request with a unique id of 9cc0e362-2d81-45f7-af2a-f737086fb985
2022-10-24 12:50:16,793 - basicLogger - INFO - Returned event chlorine level response (Id: 9cc0e362-2d81-45f7-af2a-f737086fb985) with status code 201
2022-10-24 13:59:56,787 - basicLogger - INFO - Received event Chlorine level request with a unique id of f0a9d009-21a8-42ce-9e3a-372478fa329c
2022-10-24 13:59:59,085 - basicLogger - INFO - Returned event chlorine level response (Id: f0a9d009-21a8-42ce-9e3a-372478fa329c) with status code 201
2022-10-24 14:00:01,124 - basicLogger - INFO - Received event Chlorine level request with a unique id of 2e298ad1-de58-4e65-a324-0e8bdce9ed02
2022-10-24 14:00:03,479 - basicLogger - INFO - Returned event chlorine level response (Id: 2e298ad1-de58-4e65-a324-0e8bdce9ed02) with status code 201
2022-10-24 14:31:36,222 - basicLogger - INFO - Received event Chlorine level request with a unique id of b3436d6d-8baf-4cc9-9e5d-ce4e98c8b601
2022-10-24 14:31:38,475 - basicLogger - INFO - Returned event chlorine level response (Id: b3436d6d-8baf-4cc9-9e5d-ce4e98c8b601) with status code 201
2022-10-24 14:34:46,009 - basicLogger - INFO - Received event Chlorine level request with a unique id of 1d025606-d7f4-46e6-9d4f-2def4551f767
2022-10-24 14:34:48,372 - basicLogger - INFO - Returned event chlorine level response (Id: 1d025606-d7f4-46e6-9d4f-2def4551f767) with status code 201
2022-10-24 15:50:56,387 - basicLogger - INFO - Received event Chlorine level request with a unique id of 59aeea46-6a9c-4133-8ff1-18ce66f559dd
2022-10-24 15:50:58,854 - basicLogger - INFO - Returned event chlorine level response (Id: 59aeea46-6a9c-4133-8ff1-18ce66f559dd) with status code 201
2022-10-26 11:35:38,035 - basicLogger - INFO - Received event Chlorine level request with a unique id of fdc8dbd4-559a-40fb-a5cf-c4dfcb0af226
2022-10-26 11:37:17,536 - basicLogger - INFO - Received event Chlorine level request with a unique id of ee5a1cb5-f59e-468e-9155-2690dd493fcc
2022-10-26 11:39:32,419 - basicLogger - INFO - Received event Chlorine level request with a unique id of f718c6d8-c546-474c-8064-1caa8d2d9fb5
2022-10-26 11:41:44,758 - basicLogger - INFO - Received event Chlorine level request with a unique id of f82e7940-10a3-4f1b-bbe8-109c5d88535b
2022-10-26 11:46:39,126 - basicLogger - INFO - Received event Chlorine level request with a unique id of d9ff5687-4f43-49d5-ae9e-9d9cda247e71
2022-10-26 11:50:25,258 - basicLogger - INFO - Received event Chlorine level request with a unique id of 28a15ddd-3759-4d0c-a03b-e4c6cf20b577
2022-10-26 11:54:09,471 - basicLogger - INFO - Received event Chlorine level request with a unique id of f14d1889-fa2d-49c0-8e1c-89a37bea0086
2022-10-26 11:57:02,890 - basicLogger - INFO - Received event Chlorine level request with a unique id of ce3ea409-4bd7-444c-8a0f-2aa09e9b0ce8
2022-10-26 11:57:03,043 - basicLogger - DEBUG - {'location': 'jayant2', 'chlorinelevel': 10, 'temperature': 12345, 'device_id': 929229, 'timestamp': '2016-08-29T09:12:33.001000+00:00', 'waterlevel': 123410, 'trace_id': 'ce3ea409-4bd7-444c-8a0f-2aa09e9b0ce8'}
2022-10-26 12:01:23,059 - basicLogger - INFO - Received event Chlorine level request with a unique id of 4432a6ad-1303-41ed-a649-8a2b21cac539
2022-10-26 12:01:23,171 - basicLogger - DEBUG - {'location': 'jayant2', 'chlorinelevel': 10, 'temperature': 12345, 'device_id': 929229, 'timestamp': '2016-08-29T09:12:33.001000+00:00', 'waterlevel': 123410, 'trace_id': '4432a6ad-1303-41ed-a649-8a2b21cac539'}
2022-10-26 12:03:12,758 - basicLogger - INFO - Received event Chlorine level request with a unique id of 237e70a8-acc2-4a68-a1f2-caaf22fe95df
2022-10-26 12:03:12,892 - basicLogger - DEBUG - {'location': 'jayant2', 'chlorinelevel': 10, 'temperature': 12345, 'device_id': 929229, 'timestamp': '2016-08-29T09:12:33.001000+00:00', 'waterlevel': 123410, 'trace_id': '237e70a8-acc2-4a68-a1f2-caaf22fe95df'}
2022-10-26 12:03:12,921 - basicLogger - DEBUG - {"type": "chlorine_level", "datetime": "2022-10-26T12:03:12", "payload": {"location": "jayant2", "chlorinelevel": 10, "temperature": 12345, "device_id": 929229, "timestamp": "2016-08-29T09:12:33.001000+00:00", "waterlevel": 123410, "trace_id": "237e70a8-acc2-4a68-a1f2-caaf22fe95df"}}
2022-10-27 12:53:13,614 - basicLogger - INFO - Received event Chlorine level request with a unique id of a4781596-8625-476c-bc6b-5ee14317f26c
2022-10-27 12:54:17,269 - basicLogger - INFO - Received event Chlorine level request with a unique id of 71aa91d5-d3ef-4c04-a132-a3dd5f867582
2022-10-27 12:54:55,765 - basicLogger - INFO - Received event Chlorine level request with a unique id of a7d5047f-3197-46e3-8cdf-b03ac69805cd
2022-10-27 12:55:52,753 - basicLogger - INFO - Received event Chlorine level request with a unique id of 173b71b2-2e8b-4e4c-91e8-6e6419d08697
2022-10-27 12:56:22,225 - basicLogger - INFO - Received event Chlorine level request with a unique id of 498f19e2-d83a-4089-b6e1-cb4ebae200d7
2022-10-27 12:57:03,573 - basicLogger - INFO - Received event PH level request with a unique id of 094373e6-fb05-4521-ae3e-893747cf9f07
2022-10-27 12:57:55,236 - basicLogger - INFO - Received event PH level request with a unique id of 5ad35a3f-bacb-484a-826c-47760b75524c
2022-10-27 13:00:14,735 - basicLogger - INFO - Received event Chlorine level request with a unique id of 986e5be0-94d1-48fe-a35b-110149a5a50f
2022-10-27 13:00:57,442 - basicLogger - INFO - Received event Chlorine level request with a unique id of 11d49425-2341-45ac-b85f-f7ca486abfe9
2022-10-27 13:01:18,929 - basicLogger - DEBUG - {'location': 'jayant2', 'chlorinelevel': 10, 'temperature': 12345, 'device_id': 929229, 'timestamp': '2016-08-29T09:12:33.001000+00:00', 'waterlevel': 123410, 'trace_id': '986e5be0-94d1-48fe-a35b-110149a5a50f'}
2022-10-27 13:02:01,604 - basicLogger - DEBUG - {'location': 'jayant2', 'chlorinelevel': 10, 'temperature': 12345, 'device_id': 929229, 'timestamp': '2016-08-29T09:12:33.001000+00:00', 'waterlevel': 123410, 'trace_id': '11d49425-2341-45ac-b85f-f7ca486abfe9'}
2022-10-27 13:02:46,455 - basicLogger - INFO - Received event Chlorine level request with a unique id of e7d371db-0382-4d92-80a3-4a2089c71a01
2022-10-27 13:03:50,592 - basicLogger - DEBUG - {'location': 'jayant2', 'chlorinelevel': 10, 'temperature': 12345, 'device_id': 929229, 'timestamp': '2016-08-29T09:12:33.001000+00:00', 'waterlevel': 123410, 'trace_id': 'e7d371db-0382-4d92-80a3-4a2089c71a01'}
2022-10-27 13:06:00,441 - basicLogger - INFO - Received event Chlorine level request with a unique id of 8ac18705-b414-4de2-bf84-b0be99d1b744
2022-10-30 08:39:29,265 - basicLogger - INFO - Received event Chlorine level request with a unique id of 5a53d25e-7d10-4693-8af8-f1ce2bcd2f98
2022-10-30 08:40:33,966 - basicLogger - DEBUG - {'chlorinelevel': 7, 'device_id': 12345, 'location': '3fa85f64-5717-4562-b3fc-2c963f66afa6', 'temperature': 12345, 'timestamp': '2016-08-29T09:12:33.001000+00:00', 'waterlevel': 12345, 'trace_id': '5a53d25e-7d10-4693-8af8-f1ce2bcd2f98'}
2022-10-30 08:49:50,753 - basicLogger - INFO - Received event Chlorine level request with a unique id of cb317356-de60-4de2-839c-5c5f0e05e9b5
2022-10-30 08:58:26,521 - basicLogger - INFO - Received event Chlorine level request with a unique id of 0e78cadb-16be-4983-9b33-35c9fbfa527a
2022-10-30 08:58:26,935 - basicLogger - DEBUG - {'chlorinelevel': 7, 'device_id': 12345, 'location': '3fa85f64-5717-4562-b3fc-2c963f66afa6', 'temperature': 12345, 'timestamp': '2016-08-29T09:12:33.001000+00:00', 'waterlevel': 12345, 'trace_id': '0e78cadb-16be-4983-9b33-35c9fbfa527a'}
2022-10-30 08:58:27,044 - basicLogger - DEBUG - {"type": "chlorine_level", "datetime": "2022-10-30T08:58:26", "payload": {"chlorinelevel": 7, "device_id": 12345, "location": "3fa85f64-5717-4562-b3fc-2c963f66afa6", "temperature": 12345, "timestamp": "2016-08-29T09:12:33.001000+00:00", "waterlevel": 12345, "trace_id": "0e78cadb-16be-4983-9b33-35c9fbfa527a"}}
2022-10-30 09:00:03,079 - basicLogger - INFO - Received event Chlorine level request with a unique id of e7f2e60f-232e-481c-9ff1-323b9fba4e6a
2022-10-30 09:00:03,458 - basicLogger - DEBUG - {'chlorinelevel': 7, 'device_id': 12345, 'location': '3fa85f64-5717-4562-b3fc-2c963f66afa6', 'temperature': 12345, 'timestamp': '2016-08-29T09:12:33.001000+00:00', 'waterlevel': 12345, 'trace_id': 'e7f2e60f-232e-481c-9ff1-323b9fba4e6a'}
2022-10-30 09:00:03,524 - basicLogger - DEBUG - {"type": "chlorine_level", "datetime": "2022-10-30T09:00:03", "payload": {"chlorinelevel": 7, "device_id": 12345, "location": "3fa85f64-5717-4562-b3fc-2c963f66afa6", "temperature": 12345, "timestamp": "2016-08-29T09:12:33.001000+00:00", "waterlevel": 12345, "trace_id": "e7f2e60f-232e-481c-9ff1-323b9fba4e6a"}}
2022-10-31 09:23:18,620 - basicLogger - INFO - Received event Chlorine level request with a unique id of e5262e66-0c42-43ce-8bf6-d2198d90536f
2022-10-31 09:23:18,898 - basicLogger - DEBUG - {'chlorinelevel': 7, 'device_id': 12345, 'location': '3fa85f64-5717-4562-b3fc-2c963f66afa6', 'temperature': 12345, 'timestamp': '2016-08-29T09:12:33.001000+00:00', 'waterlevel': 12345, 'trace_id': 'e5262e66-0c42-43ce-8bf6-d2198d90536f'}
2022-10-31 09:23:18,973 - basicLogger - DEBUG - {"type": "chlorine_level", "datetime": "2022-10-31T09:23:18", "payload": {"chlorinelevel": 7, "device_id": 12345, "location": "3fa85f64-5717-4562-b3fc-2c963f66afa6", "temperature": 12345, "timestamp": "2016-08-29T09:12:33.001000+00:00", "waterlevel": 12345, "trace_id": "e5262e66-0c42-43ce-8bf6-d2198d90536f"}}
2022-10-31 09:23:29,974 - basicLogger - INFO - Received event Chlorine level request with a unique id of b52ceefa-642d-46fa-a2a0-a01107e80cdf
2022-10-31 09:23:30,204 - basicLogger - DEBUG - {'chlorinelevel': 7, 'device_id': 12345, 'location': '3fa85f64-5717-4562-b3fc-2c963f66afa6', 'temperature': 12345, 'timestamp': '2016-08-29T09:12:33.001000+00:00', 'waterlevel': 12345, 'trace_id': 'b52ceefa-642d-46fa-a2a0-a01107e80cdf'}
2022-10-31 09:23:30,249 - basicLogger - DEBUG - {"type": "chlorine_level", "datetime": "2022-10-31T09:23:30", "payload": {"chlorinelevel": 7, "device_id": 12345, "location": "3fa85f64-5717-4562-b3fc-2c963f66afa6", "temperature": 12345, "timestamp": "2016-08-29T09:12:33.001000+00:00", "waterlevel": 12345, "trace_id": "b52ceefa-642d-46fa-a2a0-a01107e80cdf"}}
2022-10-31 09:23:36,351 - basicLogger - INFO - Received event Chlorine level request with a unique id of 4e931c4b-19bc-4743-8efc-a8b52d2fbb8c
2022-10-31 09:23:36,563 - basicLogger - DEBUG - {'chlorinelevel': 7, 'device_id': 12345, 'location': '3fa85f64-5717-4562-b3fc-2c963f66afa6', 'temperature': 12345, 'timestamp': '2016-08-29T09:12:33.001000+00:00', 'waterlevel': 12345, 'trace_id': '4e931c4b-19bc-4743-8efc-a8b52d2fbb8c'}
2022-10-31 09:23:36,602 - basicLogger - DEBUG - {"type": "chlorine_level", "datetime": "2022-10-31T09:23:36", "payload": {"chlorinelevel": 7, "device_id": 12345, "location": "3fa85f64-5717-4562-b3fc-2c963f66afa6", "temperature": 12345, "timestamp": "2016-08-29T09:12:33.001000+00:00", "waterlevel": 12345, "trace_id": "4e931c4b-19bc-4743-8efc-a8b52d2fbb8c"}}
